#
# A fatal error has been detected by the Java Runtime Environment:
#
#  SIGSEGV (0xb) at pc=0x00000001985bd820, pid=8663, tid=259
#
# JRE version: Java(TM) SE Runtime Environment (19.0+36) (build 19+36-2238)
# Java VM: Java HotSpot(TM) 64-Bit Server VM (19+36-2238, mixed mode, sharing, tiered, compressed oops, compressed class ptrs, g1 gc, bsd-aarch64)
# Problematic frame:
# C  [libobjc.A.dylib+0x9820]  objc_msgSend+0x20
#
# No core dump will be written. Core dumps have been disabled. To enable core dumping, try "ulimit -c unlimited" before starting Java again
#
# If you would like to submit a bug report, please visit:
#   https://bugreport.java.com/bugreport/crash.jsp
# The crash happened outside the Java Virtual Machine in native code.
# See problematic frame for where to report the bug.
#

---------------  S U M M A R Y ------------

Command Line: -javaagent:/Applications/IntelliJ IDEA.app/Contents/lib/idea_rt.jar=61555:/Applications/IntelliJ IDEA.app/Contents/bin -Dfile.encoding=UTF-8 -Dsun.stdout.encoding=UTF-8 -Dsun.stderr.encoding=UTF-8 main.Main

Host: "MacBookAir10,1" arm64, 8 cores, 16G, Darwin 22.2.0, macOS 13.1 (22C65)
Time: Sat Dec 31 00:44:52 2022 CET elapsed time: 0.696616 seconds (0d 0h 0m 0s)

---------------  T H R E A D  ---------------

Current thread (0x000000012487c200):  JavaThread "AppKit Thread" daemon [_thread_in_native, id=259, stack(0x000000016b30c000,0x000000016bb08000)]

Stack: [0x000000016b30c000,0x000000016bb08000],  sp=0x000000016bb017e0,  free space=8149k
Native frames: (J=compiled Java code, j=interpreted, Vv=VM code, C=native code)
C  [libobjc.A.dylib+0x9820]  objc_msgSend+0x20
j  sun.java2d.metal.MTLLayer.blitTexture(J)V+0 java.desktop@19
j  sun.java2d.metal.MTLLayer.lambda$drawInMTLContext$4(J)V+1 java.desktop@19
j  sun.java2d.metal.MTLLayer$$Lambda$133+0x00000008010a8ac0.run(J)V+1 java.desktop@19
j  sun.lwawt.macosx.CFRetainedResource.execute(Lsun/lwawt/macosx/CFRetainedResource$CFNativeAction;)V+23 java.desktop@19
j  sun.java2d.metal.MTLLayer.drawInMTLContext()V+14 java.desktop@19
v  ~StubRoutines::call_stub 0x000000013f534140
V  [libjvm.dylib+0x4e36f4]  JavaCalls::call_helper(JavaValue*, methodHandle const&, JavaCallArguments*, JavaThread*)+0x38c
V  [libjvm.dylib+0x5428b8]  jni_invoke_nonstatic(JNIEnv_*, JavaValue*, _jobject*, JNICallType, _jmethodID*, JNI_ArgumentPusher*, JavaThread*)+0x2f8
V  [libjvm.dylib+0x54681c]  jni_CallVoidMethod+0x10c
C  [libawt_lwawt.dylib+0x73650]  -[MTLLayer blitCallback]+0x29c
C  [libawt_lwawt.dylib+0x737a0]  -[MTLLayer display]+0x64
C  [QuartzCore+0x1fe88]  CA::Layer::display_if_needed(CA::Transaction*)+0x314
C  [QuartzCore+0x1842d8]  CA::Context::commit_transaction(CA::Transaction*, double, double*)+0x1c8
C  [QuartzCore+0x2404]  CA::Transaction::commit()+0x28c
C  [AppKit+0x161d58]  __62+[CATransaction(NSCATransaction) NS_setFlushesWithDisplayLink]_block_invoke+0x110
C  [AppKit+0x83fce0]  ___NSRunLoopObserverCreateWithHandler_block_invoke+0x40
C  [CoreFoundation+0x80dc8]  __CFRUNLOOP_IS_CALLING_OUT_TO_AN_OBSERVER_CALLBACK_FUNCTION__+0x24
C  [CoreFoundation+0x80cb4]  __CFRunLoopDoObservers+0x214
C  [CoreFoundation+0x802ec]  __CFRunLoopRun+0x310
C  [CoreFoundation+0x7f888]  CFRunLoopRunSpecific+0x264
C  [HIToolbox+0x31fa0]  RunCurrentEventLoopInMode+0x124
C  [HIToolbox+0x31de4]  ReceiveNextEventCommon+0x2a0
C  [HIToolbox+0x31b2c]  _BlockUntilNextEventMatchingListInModeWithFilter+0x48
C  [AppKit+0x39424]  _DPSNextEvent+0x278
C  [AppKit+0x385b4]  -[NSApplication(NSEvent) _nextEventMatchingEventMask:untilDate:inMode:dequeue:]+0x2d8
C  [libosxapp.dylib+0x4260]  -[NSApplicationAWT nextEventMatchingMask:untilDate:inMode:dequeue:]+0x90
C  [AppKit+0x2c9e4]  -[NSApplication run]+0x1d0
C  [libosxapp.dylib+0x4018]  +[NSApplicationAWT runAWTLoopWithApp:]+0xd0
C  [libawt_lwawt.dylib+0x6ca80]  +[AWTStarter starter:headless:]+0x1e8
C  [libosxapp.dylib+0x5c90]  +[ThreadUtilities invokeBlockCopy:]+0x1c
C  [Foundation+0x79b30]  __NSThreadPerformPerform+0x108
C  [CoreFoundation+0x81a18]  __CFRUNLOOP_IS_CALLING_OUT_TO_A_SOURCE0_PERFORM_FUNCTION__+0x1c
C  [CoreFoundation+0x819ac]  __CFRunLoopDoSource0+0xb0
C  [CoreFoundation+0x8171c]  __CFRunLoopDoSources0+0xf4
C  [CoreFoundation+0x80320]  __CFRunLoopRun+0x344
C  [CoreFoundation+0x7f888]  CFRunLoopRunSpecific+0x264
C  [libjli.dylib+0xb5c4]  CreateExecutionEnvironment+0x190
C  [libjli.dylib+0x79c0]  JLI_Launch+0x4bc
C  [java+0x3bbc]  main+0x18c
C  [dyld+0x5e50]  start+0x9f0

Java frames: (J=compiled Java code, j=interpreted, Vv=VM code)
j  sun.java2d.metal.MTLLayer.blitTexture(J)V+0 java.desktop@19
j  sun.java2d.metal.MTLLayer.lambda$drawInMTLContext$4(J)V+1 java.desktop@19
j  sun.java2d.metal.MTLLayer$$Lambda$133+0x00000008010a8ac0.run(J)V+1 java.desktop@19
j  sun.lwawt.macosx.CFRetainedResource.execute(Lsun/lwawt/macosx/CFRetainedResource$CFNativeAction;)V+23 java.desktop@19
j  sun.java2d.metal.MTLLayer.drawInMTLContext()V+14 java.desktop@19
v  ~StubRoutines::call_stub 0x000000013f534140

siginfo: si_signo: 11 (SIGSEGV), si_code: 2 (SEGV_ACCERR), si_addr: 0x0000000000000010

Registers:
 x0=0x0000000105208290  x1=0x00000001e8a2bfe7  x2=0x0000000000000060  x3=0x0000000000000001
 x4=0x000000013f547c00  x5=0x000000016bb01640  x6=0x0000000100000002  x7=0x000000012487c200
 x8=0x0000000000000040  x9=0x00000001e8a1fbe9 x10=0x6ae1000105208290 x11=0x000000000000007f
x12=0x0000000000000069 x13=0x0000000124081160 x14=0x0000000000000000 x15=0x0000000000000000
x16=0x0000000000000000 x17=0x260b000123993964 x18=0x0000000000000000 x19=0x0000600001581560
x20=0x000000012400b0b8 x21=0x00000001e8a1fbe9 x22=0x00000001e8a7694c x23=0x00000001239d62b0
x24=0x00000001e8a2bfe7 x25=0x0000000000000001 x26=0x000000014f3f0900 x27=0x0000000000000000
x28=0x000000012487c200  fp=0x000000016bb018d0  lr=0x0000000123993030  sp=0x000000016bb017e0
pc=0x00000001985bd820 cpsr=0x0000000020001000

Register to memory mapping:

 x0=0x0000000105208290 points into unknown readable memory: 0x0000000000000000 | 00 00 00 00 00 00 00 00
 x1=0x00000001e8a2bfe7 points into unknown readable memory: 77
 x2=0x0000000000000060 is an unknown value
 x3=0x0000000000000001 is an unknown value
 x4=0x000000013f547c00 is at code_begin+0 in an Interpreter codelet
method entry point (kind = zerolocals)  [0x000000013f547c00, 0x000000013f547f08]  776 bytes
 x5=0x000000016bb01640 is pointing into the stack for thread: 0x000000012487c200
 x6=0x0000000100000002 is an unknown value
 x7=0x000000012487c200 is a thread
 x8=0x0000000000000040 is an unknown value
 x9=0x00000001e8a1fbe9 points into unknown readable memory: 62 75 66 66 65 72 00
x10=0x6ae1000105208290 is an unknown value
x11=0x000000000000007f is an unknown value
x12=0x0000000000000069 is an unknown value
x13=0x0000000124081160 points into unknown readable memory: 0x4875000123993928 | 28 39 99 23 01 00 75 48
x14=0x0 is NULL
x15=0x0 is NULL
x16=0x0 is NULL
x17=0x260b000123993964: -[MTLLayer buffer]+0 in /Library/Java/JavaVirtualMachines/jdk-19.jdk/Contents/Home/lib/libawt_lwawt.dylib at 0x0000000123920000
x18=0x0 is NULL
x19=0x0000600001581560 points into unknown readable memory: 0x01000001239f1901 | 01 19 9f 23 01 00 00 01
x20=0x000000012400b0b8 points into unknown readable memory: 0x0000000000000000 | 00 00 00 00 00 00 00 00
x21=0x00000001e8a1fbe9 points into unknown readable memory: 62 75 66 66 65 72 00
x22=0x00000001e8a7694c points into unknown readable memory: 63 74 78 00
x23=0x00000001239d62b0: <offset 0xb62b0> in /Library/Java/JavaVirtualMachines/jdk-19.jdk/Contents/Home/lib/libawt_lwawt.dylib at 0x0000000123920000
x24=0x00000001e8a2bfe7 points into unknown readable memory: 77
x25=0x0000000000000001 is an unknown value
x26=0x000000014f3f0900 is pointing into metadata
x27=0x0 is NULL
x28=0x000000012487c200 is a thread


Top of Stack: (sp=0x000000016bb017e0)
0x000000016bb017e0:   000000016bb018e0 000000013f546c30
0x000000016bb017f0:   000000016bb018d0 8c388001985bdb64
0x000000016bb01800:   0000004802000000 0000000000000000
0x000000016bb01810:   000000000000000a 0000000000000000
0x000000016bb01820:   0706050403020100 0f0e0d0c0b0a0908
0x000000016bb01830:   6f6e206c6f626d79 00646e756f662074
0x000000016bb01840:   3d012618d5781745 0000000000000000
0x000000016bb01850:   4020000000000000 0000000000000000
0x000000016bb01860:   c010000000000000 0000000000000000
0x000000016bb01870:   0000000000000000 0000020000000100
0x000000016bb01880:   000000012487c200 0000000000000000
0x000000016bb01890:   000000014f3f0900 0000000000000001
0x000000016bb018a0:   000000016bb01968 000000013f547c00
0x000000016bb018b0:   0000000000000000 0000000106072348
0x000000016bb018c0:   000000016bb018e0 000000013f546c30
0x000000016bb018d0:   000000016bb01940 000000013f548aac
0x000000016bb018e0:   000000013f54888c 000000014f3ef158
0x000000016bb018f0:   000000016bb018f0 0000000000000000
0x000000016bb01900:   000000016bb01968 000000014f3f0900
0x000000016bb01910:   000000070f904338 0000000000000000
0x000000016bb01920:   0000000000000000 000000014f3ef158
0x000000016bb01930:   0000000000000000 000000016bb01940
0x000000016bb01940:   000000016bb019c0 000000013f545548
0x000000016bb01950:   0000000000000000 000000070f904338
0x000000016bb01960:   0000600001581560 0000000000000000
0x000000016bb01970:   000000016bb01970 000000014f3ef8d9
0x000000016bb01980:   000000016bb019d8 000000014f3f0900
0x000000016bb01990:   000000070f904338 0000000000000000
0x000000016bb019a0:   0000000000000000 000000014f3ef8f0
0x000000016bb019b0:   000000016bb01960 000000016bb019b0
0x000000016bb019c0:   000000016bb01a30 000000013f545548
0x000000016bb019d0:   0000600001581560 0000000000000000 

Instructions: (pc=0x00000001985bd820)
0x00000001985bd720:   d503201f d503201f d503201f d503201f
0x00000001985bd730:   d503201f d503201f d503201f d503201f
0x00000001985bd740:   d503201f d503201f d503201f d503201f
0x00000001985bd750:   d503201f d503201f d503201f d503201f
0x00000001985bd760:   d503201f d503201f d503201f d503201f
0x00000001985bd770:   d503201f d503201f d503201f d503201f
0x00000001985bd780:   d503201f d503201f d503201f d503201f
0x00000001985bd790:   d503201f d503201f d503201f d503201f
0x00000001985bd7a0:   d503201f d503201f d503201f d503201f
0x00000001985bd7b0:   d503201f d503201f d503201f d503201f
0x00000001985bd7c0:   d503201f d503201f d503201f d503201f
0x00000001985bd7d0:   d503201f d503201f d503201f d503201f
0x00000001985bd7e0:   d503201f d503201f d503201f d503201f
0x00000001985bd7f0:   d503201f d503201f d503201f d503201f
0x00000001985bd800:   f100001f 540003cd f940000e 927dcdd0
0x00000001985bd810:   aa0003ea f2ed5c2a dac11950 aa1003ef
0x00000001985bd820:   f9400a0a d370fd4b 9240bd4a 0a0b002c
0x00000001985bd830:   8b0c114d a8ff25b1 eb01013f 54000081
0x00000001985bd840:   ca01014a ca10014a d71f0e2a b40016a9
0x00000001985bd850:   eb0a01bf 54ffff02 8b2b514d 8b0c114c
0x00000001985bd860:   a8ff25b1 eb01013f 54fffec0 f100013f
0x00000001985bd870:   fa4c11a0 54ffff68 140000aa 54000180
0x00000001985bd880:   9240080a 9377fc0b f1001d5f 9a8a016c
0x00000001985bd890:   902db68a 910d814a 8b0c0d4a f9400150
0x00000001985bd8a0:   f2f1f3aa dac11d50 17ffffdd d2800001
0x00000001985bd8b0:   2f00e400 2f00e401 2f00e402 2f00e403
0x00000001985bd8c0:   d65f03c0 d503201f d503201f d503201f
0x00000001985bd8d0:   d503201f d503201f d503201f d503201f
0x00000001985bd8e0:   f100001f 540004ad f940000d 927dcdb0
0x00000001985bd8f0:   aa0003ea f2ed5c2a dac11950 aa1003ef
0x00000001985bd900:   f9400a0a d370fd4b 9240bd4a 0a0b002c
0x00000001985bd910:   8b0c114d a8ff25b1 eb01013f 54000161 


Stack slot to memory mapping:
stack at sp + 0 slots: 0x000000016bb018e0 is pointing into the stack for thread: 0x000000012487c200
stack at sp + 1 slots: 0x000000013f546c30 is at code_begin+48 in an Interpreter codelet
result handlers for native calls  [0x000000013f546c00, 0x000000013f546c48]  72 bytes
stack at sp + 2 slots: 0x000000016bb018d0 is pointing into the stack for thread: 0x000000012487c200
stack at sp + 3 slots: 0x8c388001985bdb64: _objc_msgSend_uncached+0x44 in /usr/lib/libobjc.A.dylib at 0x00000001985b4000
stack at sp + 4 slots: 0x0000004802000000 is an unknown value
stack at sp + 5 slots: 0x0 is NULL
stack at sp + 6 slots: 0x000000000000000a is an unknown value
stack at sp + 7 slots: 0x0 is NULL


---------------  P R O C E S S  ---------------

Threads class SMR info:
_java_thread_list=0x00006000031a0c60, length=17, elements={
0x000000012400dc00, 0x000000012481a200, 0x0000000124808e00, 0x0000000125809000,
0x0000000125809e00, 0x000000012200a600, 0x0000000122808200, 0x0000000122808800,
0x0000000107862a00, 0x0000000125056c00, 0x0000000124029800, 0x0000000124014e00,
0x000000012487c200, 0x00000001078d9800, 0x000000012495a800, 0x0000000124971200,
0x0000000124076000
}

Java Threads: ( => current thread )
  0x000000012400dc00 JavaThread "main" [_thread_in_native, id=6403, stack(0x000000016bb94000,0x000000016bd97000)]
  0x000000012481a200 JavaThread "Reference Handler" daemon [_thread_blocked, id=22275, stack(0x000000016cb00000,0x000000016cd03000)]
  0x0000000124808e00 JavaThread "Finalizer" daemon [_thread_blocked, id=31747, stack(0x000000016cd0c000,0x000000016cf0f000)]
  0x0000000125809000 JavaThread "Signal Dispatcher" daemon [_thread_blocked, id=23043, stack(0x000000016cf18000,0x000000016d11b000)]
  0x0000000125809e00 JavaThread "Service Thread" daemon [_thread_blocked, id=31491, stack(0x000000016d124000,0x000000016d327000)]
  0x000000012200a600 JavaThread "Monitor Deflation Thread" daemon [_thread_blocked, id=23555, stack(0x000000016d330000,0x000000016d533000)]
  0x0000000122808200 JavaThread "C2 CompilerThread0" daemon [_thread_blocked, id=30979, stack(0x000000016d53c000,0x000000016d73f000)]
  0x0000000122808800 JavaThread "C1 CompilerThread0" daemon [_thread_blocked, id=30467, stack(0x000000016d748000,0x000000016d94b000)]
  0x0000000107862a00 JavaThread "Sweeper thread" daemon [_thread_blocked, id=24323, stack(0x000000016d954000,0x000000016db57000)]
  0x0000000125056c00 JavaThread "Common-Cleaner" daemon [_thread_blocked, id=24579, stack(0x000000016db60000,0x000000016dd63000)]
  0x0000000124029800 JavaThread "Monitor Ctrl-Break" daemon [_thread_in_native, id=24835, stack(0x000000016dd6c000,0x000000016df6f000)]
  0x0000000124014e00 JavaThread "Notification Thread" daemon [_thread_blocked, id=25091, stack(0x000000016df78000,0x000000016e17b000)]
=>0x000000012487c200 JavaThread "AppKit Thread" daemon [_thread_in_native, id=259, stack(0x000000016b30c000,0x000000016bb08000)]
  0x00000001078d9800 JavaThread "AWT-Shutdown" [_thread_blocked, id=38667, stack(0x000000016e390000,0x000000016e593000)]
  0x000000012495a800 JavaThread "Java2D Queue Flusher" daemon [_thread_blocked, id=86787, stack(0x000000016e740000,0x000000016e943000)]
  0x0000000124971200 JavaThread "Java2D Disposer" daemon [_thread_blocked, id=66831, stack(0x000000016e94c000,0x000000016eb4f000)]
  0x0000000124076000 JavaThread "AWT-EventQueue-0" [_thread_blocked, id=84231, stack(0x000000016eb58000,0x000000016ed5b000)]

Other Threads:
  0x0000000123f07680 VMThread "VM Thread" [stack: 0x000000016c7dc000,0x000000016c9df000] [id=18435]
  0x0000000123f096d0 WatcherThread "VM Periodic Task Thread" [stack: 0x000000016e184000,0x000000016e387000] [id=25603]
  0x0000000123f06710 WorkerThread "GC Thread#0" [stack: 0x000000016bda0000,0x000000016bfa3000] [id=14595]
  0x0000000123f06de0 ConcurrentGCThread "G1 Main Marker" [stack: 0x000000016bfac000,0x000000016c1af000] [id=12803]
  0x0000000104504410 WorkerThread "G1 Conc#0" [stack: 0x000000016c1b8000,0x000000016c3bb000] [id=13315]
  0x00000001046057a0 ConcurrentGCThread "G1 Refine#0" [stack: 0x000000016c3c4000,0x000000016c5c7000] [id=16387]
  0x0000000105204080 ConcurrentGCThread "G1 Service" [stack: 0x000000016c5d0000,0x000000016c7d3000] [id=16899]

Threads with active compile tasks:

VM state: not at safepoint (normal execution)

VM Mutex/Monitor currently owned by a thread: None

Heap address: 0x0000000700000000, size: 4096 MB, Compressed Oops mode: Zero based, Oop shift amount: 3

CDS archive(s) mapped at: [0x0000000800000000-0x0000000800c44000-0x0000000800c44000), size 12861440, SharedBaseAddress: 0x0000000800000000, ArchiveRelocationMode: 0.
Compressed class space mapped at: 0x0000000801000000-0x0000000841000000, reserved size: 1073741824
Narrow klass base: 0x0000000800000000, Narrow klass shift: 0, Narrow klass range: 0x100000000

GC Precious Log:
 CardTable entry size: 512
 Card Set container configuration: InlinePtr #cards 4 size 8 Array Of Cards #cards 8 size 32 Howl #buckets 8 coarsen threshold 3686 Howl Bitmap #cards 512 size 80 coarsen threshold 460 Card regions per heap region 1 cards per card region 4096
 CPUs: 8 total, 8 available
 Memory: 16384M
 Large Page Support: Disabled
 NUMA Support: Disabled
 Compressed Oops: Enabled (Zero based)
 Heap Region Size: 2M
 Heap Min Capacity: 8M
 Heap Initial Capacity: 256M
 Heap Max Capacity: 4G
 Pre-touch: Disabled
 Parallel Workers: 8
 Concurrent Workers: 2
 Concurrent Refinement Workers: 8
 Periodic GC: Disabled

Heap:
 garbage-first heap   total 266240K, used 8160K [0x0000000700000000, 0x0000000800000000)
  region size 2048K, 4 young (8192K), 0 survivors (0K)
 Metaspace       used 5848K, committed 6080K, reserved 1114112K
  class space    used 648K, committed 768K, reserved 1048576K

Heap Regions: E=young(eden), S=young(survivor), O=old, HS=humongous(starts), HC=humongous(continues), CS=collection set, F=free, OA=open archive, CA=closed archive, TAMS=top-at-mark-start (previous, next)
|   0|0x0000000700000000, 0x0000000700000000, 0x0000000700200000|  0%| F|  |TAMS 0x0000000700000000, 0x0000000700000000| Untracked 
|   1|0x0000000700200000, 0x0000000700200000, 0x0000000700400000|  0%| F|  |TAMS 0x0000000700200000, 0x0000000700200000| Untracked 
|   2|0x0000000700400000, 0x0000000700400000, 0x0000000700600000|  0%| F|  |TAMS 0x0000000700400000, 0x0000000700400000| Untracked 
|   3|0x0000000700600000, 0x0000000700600000, 0x0000000700800000|  0%| F|  |TAMS 0x0000000700600000, 0x0000000700600000| Untracked 
|   4|0x0000000700800000, 0x0000000700800000, 0x0000000700a00000|  0%| F|  |TAMS 0x0000000700800000, 0x0000000700800000| Untracked 
|   5|0x0000000700a00000, 0x0000000700a00000, 0x0000000700c00000|  0%| F|  |TAMS 0x0000000700a00000, 0x0000000700a00000| Untracked 
|   6|0x0000000700c00000, 0x0000000700c00000, 0x0000000700e00000|  0%| F|  |TAMS 0x0000000700c00000, 0x0000000700c00000| Untracked 
|   7|0x0000000700e00000, 0x0000000700e00000, 0x0000000701000000|  0%| F|  |TAMS 0x0000000700e00000, 0x0000000700e00000| Untracked 
|   8|0x0000000701000000, 0x0000000701000000, 0x0000000701200000|  0%| F|  |TAMS 0x0000000701000000, 0x0000000701000000| Untracked 
|   9|0x0000000701200000, 0x0000000701200000, 0x0000000701400000|  0%| F|  |TAMS 0x0000000701200000, 0x0000000701200000| Untracked 
|  10|0x0000000701400000, 0x0000000701400000, 0x0000000701600000|  0%| F|  |TAMS 0x0000000701400000, 0x0000000701400000| Untracked 
|  11|0x0000000701600000, 0x0000000701600000, 0x0000000701800000|  0%| F|  |TAMS 0x0000000701600000, 0x0000000701600000| Untracked 
|  12|0x0000000701800000, 0x0000000701800000, 0x0000000701a00000|  0%| F|  |TAMS 0x0000000701800000, 0x0000000701800000| Untracked 
|  13|0x0000000701a00000, 0x0000000701a00000, 0x0000000701c00000|  0%| F|  |TAMS 0x0000000701a00000, 0x0000000701a00000| Untracked 
|  14|0x0000000701c00000, 0x0000000701c00000, 0x0000000701e00000|  0%| F|  |TAMS 0x0000000701c00000, 0x0000000701c00000| Untracked 
|  15|0x0000000701e00000, 0x0000000701e00000, 0x0000000702000000|  0%| F|  |TAMS 0x0000000701e00000, 0x0000000701e00000| Untracked 
|  16|0x0000000702000000, 0x0000000702000000, 0x0000000702200000|  0%| F|  |TAMS 0x0000000702000000, 0x0000000702000000| Untracked 
|  17|0x0000000702200000, 0x0000000702200000, 0x0000000702400000|  0%| F|  |TAMS 0x0000000702200000, 0x0000000702200000| Untracked 
|  18|0x0000000702400000, 0x0000000702400000, 0x0000000702600000|  0%| F|  |TAMS 0x0000000702400000, 0x0000000702400000| Untracked 
|  19|0x0000000702600000, 0x0000000702600000, 0x0000000702800000|  0%| F|  |TAMS 0x0000000702600000, 0x0000000702600000| Untracked 
|  20|0x0000000702800000, 0x0000000702800000, 0x0000000702a00000|  0%| F|  |TAMS 0x0000000702800000, 0x0000000702800000| Untracked 
|  21|0x0000000702a00000, 0x0000000702a00000, 0x0000000702c00000|  0%| F|  |TAMS 0x0000000702a00000, 0x0000000702a00000| Untracked 
|  22|0x0000000702c00000, 0x0000000702c00000, 0x0000000702e00000|  0%| F|  |TAMS 0x0000000702c00000, 0x0000000702c00000| Untracked 
|  23|0x0000000702e00000, 0x0000000702e00000, 0x0000000703000000|  0%| F|  |TAMS 0x0000000702e00000, 0x0000000702e00000| Untracked 
|  24|0x0000000703000000, 0x0000000703000000, 0x0000000703200000|  0%| F|  |TAMS 0x0000000703000000, 0x0000000703000000| Untracked 
|  25|0x0000000703200000, 0x0000000703200000, 0x0000000703400000|  0%| F|  |TAMS 0x0000000703200000, 0x0000000703200000| Untracked 
|  26|0x0000000703400000, 0x0000000703400000, 0x0000000703600000|  0%| F|  |TAMS 0x0000000703400000, 0x0000000703400000| Untracked 
|  27|0x0000000703600000, 0x0000000703600000, 0x0000000703800000|  0%| F|  |TAMS 0x0000000703600000, 0x0000000703600000| Untracked 
|  28|0x0000000703800000, 0x0000000703800000, 0x0000000703a00000|  0%| F|  |TAMS 0x0000000703800000, 0x0000000703800000| Untracked 
|  29|0x0000000703a00000, 0x0000000703a00000, 0x0000000703c00000|  0%| F|  |TAMS 0x0000000703a00000, 0x0000000703a00000| Untracked 
|  30|0x0000000703c00000, 0x0000000703c00000, 0x0000000703e00000|  0%| F|  |TAMS 0x0000000703c00000, 0x0000000703c00000| Untracked 
|  31|0x0000000703e00000, 0x0000000703e00000, 0x0000000704000000|  0%| F|  |TAMS 0x0000000703e00000, 0x0000000703e00000| Untracked 
|  32|0x0000000704000000, 0x0000000704000000, 0x0000000704200000|  0%| F|  |TAMS 0x0000000704000000, 0x0000000704000000| Untracked 
|  33|0x0000000704200000, 0x0000000704200000, 0x0000000704400000|  0%| F|  |TAMS 0x0000000704200000, 0x0000000704200000| Untracked 
|  34|0x0000000704400000, 0x0000000704400000, 0x0000000704600000|  0%| F|  |TAMS 0x0000000704400000, 0x0000000704400000| Untracked 
|  35|0x0000000704600000, 0x0000000704600000, 0x0000000704800000|  0%| F|  |TAMS 0x0000000704600000, 0x0000000704600000| Untracked 
|  36|0x0000000704800000, 0x0000000704800000, 0x0000000704a00000|  0%| F|  |TAMS 0x0000000704800000, 0x0000000704800000| Untracked 
|  37|0x0000000704a00000, 0x0000000704a00000, 0x0000000704c00000|  0%| F|  |TAMS 0x0000000704a00000, 0x0000000704a00000| Untracked 
|  38|0x0000000704c00000, 0x0000000704c00000, 0x0000000704e00000|  0%| F|  |TAMS 0x0000000704c00000, 0x0000000704c00000| Untracked 
|  39|0x0000000704e00000, 0x0000000704e00000, 0x0000000705000000|  0%| F|  |TAMS 0x0000000704e00000, 0x0000000704e00000| Untracked 
|  40|0x0000000705000000, 0x0000000705000000, 0x0000000705200000|  0%| F|  |TAMS 0x0000000705000000, 0x0000000705000000| Untracked 
|  41|0x0000000705200000, 0x0000000705200000, 0x0000000705400000|  0%| F|  |TAMS 0x0000000705200000, 0x0000000705200000| Untracked 
|  42|0x0000000705400000, 0x0000000705400000, 0x0000000705600000|  0%| F|  |TAMS 0x0000000705400000, 0x0000000705400000| Untracked 
|  43|0x0000000705600000, 0x0000000705600000, 0x0000000705800000|  0%| F|  |TAMS 0x0000000705600000, 0x0000000705600000| Untracked 
|  44|0x0000000705800000, 0x0000000705800000, 0x0000000705a00000|  0%| F|  |TAMS 0x0000000705800000, 0x0000000705800000| Untracked 
|  45|0x0000000705a00000, 0x0000000705a00000, 0x0000000705c00000|  0%| F|  |TAMS 0x0000000705a00000, 0x0000000705a00000| Untracked 
|  46|0x0000000705c00000, 0x0000000705c00000, 0x0000000705e00000|  0%| F|  |TAMS 0x0000000705c00000, 0x0000000705c00000| Untracked 
|  47|0x0000000705e00000, 0x0000000705e00000, 0x0000000706000000|  0%| F|  |TAMS 0x0000000705e00000, 0x0000000705e00000| Untracked 
|  48|0x0000000706000000, 0x0000000706000000, 0x0000000706200000|  0%| F|  |TAMS 0x0000000706000000, 0x0000000706000000| Untracked 
|  49|0x0000000706200000, 0x0000000706200000, 0x0000000706400000|  0%| F|  |TAMS 0x0000000706200000, 0x0000000706200000| Untracked 
|  50|0x0000000706400000, 0x0000000706400000, 0x0000000706600000|  0%| F|  |TAMS 0x0000000706400000, 0x0000000706400000| Untracked 
|  51|0x0000000706600000, 0x0000000706600000, 0x0000000706800000|  0%| F|  |TAMS 0x0000000706600000, 0x0000000706600000| Untracked 
|  52|0x0000000706800000, 0x0000000706800000, 0x0000000706a00000|  0%| F|  |TAMS 0x0000000706800000, 0x0000000706800000| Untracked 
|  53|0x0000000706a00000, 0x0000000706a00000, 0x0000000706c00000|  0%| F|  |TAMS 0x0000000706a00000, 0x0000000706a00000| Untracked 
|  54|0x0000000706c00000, 0x0000000706c00000, 0x0000000706e00000|  0%| F|  |TAMS 0x0000000706c00000, 0x0000000706c00000| Untracked 
|  55|0x0000000706e00000, 0x0000000706e00000, 0x0000000707000000|  0%| F|  |TAMS 0x0000000706e00000, 0x0000000706e00000| Untracked 
|  56|0x0000000707000000, 0x0000000707000000, 0x0000000707200000|  0%| F|  |TAMS 0x0000000707000000, 0x0000000707000000| Untracked 
|  57|0x0000000707200000, 0x0000000707200000, 0x0000000707400000|  0%| F|  |TAMS 0x0000000707200000, 0x0000000707200000| Untracked 
|  58|0x0000000707400000, 0x0000000707400000, 0x0000000707600000|  0%| F|  |TAMS 0x0000000707400000, 0x0000000707400000| Untracked 
|  59|0x0000000707600000, 0x0000000707600000, 0x0000000707800000|  0%| F|  |TAMS 0x0000000707600000, 0x0000000707600000| Untracked 
|  60|0x0000000707800000, 0x0000000707800000, 0x0000000707a00000|  0%| F|  |TAMS 0x0000000707800000, 0x0000000707800000| Untracked 
|  61|0x0000000707a00000, 0x0000000707a00000, 0x0000000707c00000|  0%| F|  |TAMS 0x0000000707a00000, 0x0000000707a00000| Untracked 
|  62|0x0000000707c00000, 0x0000000707c00000, 0x0000000707e00000|  0%| F|  |TAMS 0x0000000707c00000, 0x0000000707c00000| Untracked 
|  63|0x0000000707e00000, 0x0000000707e00000, 0x0000000708000000|  0%| F|  |TAMS 0x0000000707e00000, 0x0000000707e00000| Untracked 
|  64|0x0000000708000000, 0x0000000708000000, 0x0000000708200000|  0%| F|  |TAMS 0x0000000708000000, 0x0000000708000000| Untracked 
|  65|0x0000000708200000, 0x0000000708200000, 0x0000000708400000|  0%| F|  |TAMS 0x0000000708200000, 0x0000000708200000| Untracked 
|  66|0x0000000708400000, 0x0000000708400000, 0x0000000708600000|  0%| F|  |TAMS 0x0000000708400000, 0x0000000708400000| Untracked 
|  67|0x0000000708600000, 0x0000000708600000, 0x0000000708800000|  0%| F|  |TAMS 0x0000000708600000, 0x0000000708600000| Untracked 
|  68|0x0000000708800000, 0x0000000708800000, 0x0000000708a00000|  0%| F|  |TAMS 0x0000000708800000, 0x0000000708800000| Untracked 
|  69|0x0000000708a00000, 0x0000000708a00000, 0x0000000708c00000|  0%| F|  |TAMS 0x0000000708a00000, 0x0000000708a00000| Untracked 
|  70|0x0000000708c00000, 0x0000000708c00000, 0x0000000708e00000|  0%| F|  |TAMS 0x0000000708c00000, 0x0000000708c00000| Untracked 
|  71|0x0000000708e00000, 0x0000000708e00000, 0x0000000709000000|  0%| F|  |TAMS 0x0000000708e00000, 0x0000000708e00000| Untracked 
|  72|0x0000000709000000, 0x0000000709000000, 0x0000000709200000|  0%| F|  |TAMS 0x0000000709000000, 0x0000000709000000| Untracked 
|  73|0x0000000709200000, 0x0000000709200000, 0x0000000709400000|  0%| F|  |TAMS 0x0000000709200000, 0x0000000709200000| Untracked 
|  74|0x0000000709400000, 0x0000000709400000, 0x0000000709600000|  0%| F|  |TAMS 0x0000000709400000, 0x0000000709400000| Untracked 
|  75|0x0000000709600000, 0x0000000709600000, 0x0000000709800000|  0%| F|  |TAMS 0x0000000709600000, 0x0000000709600000| Untracked 
|  76|0x0000000709800000, 0x0000000709800000, 0x0000000709a00000|  0%| F|  |TAMS 0x0000000709800000, 0x0000000709800000| Untracked 
|  77|0x0000000709a00000, 0x0000000709a00000, 0x0000000709c00000|  0%| F|  |TAMS 0x0000000709a00000, 0x0000000709a00000| Untracked 
|  78|0x0000000709c00000, 0x0000000709c00000, 0x0000000709e00000|  0%| F|  |TAMS 0x0000000709c00000, 0x0000000709c00000| Untracked 
|  79|0x0000000709e00000, 0x0000000709e00000, 0x000000070a000000|  0%| F|  |TAMS 0x0000000709e00000, 0x0000000709e00000| Untracked 
|  80|0x000000070a000000, 0x000000070a000000, 0x000000070a200000|  0%| F|  |TAMS 0x000000070a000000, 0x000000070a000000| Untracked 
|  81|0x000000070a200000, 0x000000070a200000, 0x000000070a400000|  0%| F|  |TAMS 0x000000070a200000, 0x000000070a200000| Untracked 
|  82|0x000000070a400000, 0x000000070a400000, 0x000000070a600000|  0%| F|  |TAMS 0x000000070a400000, 0x000000070a400000| Untracked 
|  83|0x000000070a600000, 0x000000070a600000, 0x000000070a800000|  0%| F|  |TAMS 0x000000070a600000, 0x000000070a600000| Untracked 
|  84|0x000000070a800000, 0x000000070a800000, 0x000000070aa00000|  0%| F|  |TAMS 0x000000070a800000, 0x000000070a800000| Untracked 
|  85|0x000000070aa00000, 0x000000070aa00000, 0x000000070ac00000|  0%| F|  |TAMS 0x000000070aa00000, 0x000000070aa00000| Untracked 
|  86|0x000000070ac00000, 0x000000070ac00000, 0x000000070ae00000|  0%| F|  |TAMS 0x000000070ac00000, 0x000000070ac00000| Untracked 
|  87|0x000000070ae00000, 0x000000070ae00000, 0x000000070b000000|  0%| F|  |TAMS 0x000000070ae00000, 0x000000070ae00000| Untracked 
|  88|0x000000070b000000, 0x000000070b000000, 0x000000070b200000|  0%| F|  |TAMS 0x000000070b000000, 0x000000070b000000| Untracked 
|  89|0x000000070b200000, 0x000000070b200000, 0x000000070b400000|  0%| F|  |TAMS 0x000000070b200000, 0x000000070b200000| Untracked 
|  90|0x000000070b400000, 0x000000070b400000, 0x000000070b600000|  0%| F|  |TAMS 0x000000070b400000, 0x000000070b400000| Untracked 
|  91|0x000000070b600000, 0x000000070b600000, 0x000000070b800000|  0%| F|  |TAMS 0x000000070b600000, 0x000000070b600000| Untracked 
|  92|0x000000070b800000, 0x000000070b800000, 0x000000070ba00000|  0%| F|  |TAMS 0x000000070b800000, 0x000000070b800000| Untracked 
|  93|0x000000070ba00000, 0x000000070ba00000, 0x000000070bc00000|  0%| F|  |TAMS 0x000000070ba00000, 0x000000070ba00000| Untracked 
|  94|0x000000070bc00000, 0x000000070bc00000, 0x000000070be00000|  0%| F|  |TAMS 0x000000070bc00000, 0x000000070bc00000| Untracked 
|  95|0x000000070be00000, 0x000000070be00000, 0x000000070c000000|  0%| F|  |TAMS 0x000000070be00000, 0x000000070be00000| Untracked 
|  96|0x000000070c000000, 0x000000070c000000, 0x000000070c200000|  0%| F|  |TAMS 0x000000070c000000, 0x000000070c000000| Untracked 
|  97|0x000000070c200000, 0x000000070c200000, 0x000000070c400000|  0%| F|  |TAMS 0x000000070c200000, 0x000000070c200000| Untracked 
|  98|0x000000070c400000, 0x000000070c400000, 0x000000070c600000|  0%| F|  |TAMS 0x000000070c400000, 0x000000070c400000| Untracked 
|  99|0x000000070c600000, 0x000000070c600000, 0x000000070c800000|  0%| F|  |TAMS 0x000000070c600000, 0x000000070c600000| Untracked 
| 100|0x000000070c800000, 0x000000070c800000, 0x000000070ca00000|  0%| F|  |TAMS 0x000000070c800000, 0x000000070c800000| Untracked 
| 101|0x000000070ca00000, 0x000000070ca00000, 0x000000070cc00000|  0%| F|  |TAMS 0x000000070ca00000, 0x000000070ca00000| Untracked 
| 102|0x000000070cc00000, 0x000000070cc00000, 0x000000070ce00000|  0%| F|  |TAMS 0x000000070cc00000, 0x000000070cc00000| Untracked 
| 103|0x000000070ce00000, 0x000000070ce00000, 0x000000070d000000|  0%| F|  |TAMS 0x000000070ce00000, 0x000000070ce00000| Untracked 
| 104|0x000000070d000000, 0x000000070d000000, 0x000000070d200000|  0%| F|  |TAMS 0x000000070d000000, 0x000000070d000000| Untracked 
| 105|0x000000070d200000, 0x000000070d200000, 0x000000070d400000|  0%| F|  |TAMS 0x000000070d200000, 0x000000070d200000| Untracked 
| 106|0x000000070d400000, 0x000000070d400000, 0x000000070d600000|  0%| F|  |TAMS 0x000000070d400000, 0x000000070d400000| Untracked 
| 107|0x000000070d600000, 0x000000070d600000, 0x000000070d800000|  0%| F|  |TAMS 0x000000070d600000, 0x000000070d600000| Untracked 
| 108|0x000000070d800000, 0x000000070d800000, 0x000000070da00000|  0%| F|  |TAMS 0x000000070d800000, 0x000000070d800000| Untracked 
| 109|0x000000070da00000, 0x000000070da00000, 0x000000070dc00000|  0%| F|  |TAMS 0x000000070da00000, 0x000000070da00000| Untracked 
| 110|0x000000070dc00000, 0x000000070dc00000, 0x000000070de00000|  0%| F|  |TAMS 0x000000070dc00000, 0x000000070dc00000| Untracked 
| 111|0x000000070de00000, 0x000000070de00000, 0x000000070e000000|  0%| F|  |TAMS 0x000000070de00000, 0x000000070de00000| Untracked 
| 112|0x000000070e000000, 0x000000070e000000, 0x000000070e200000|  0%| F|  |TAMS 0x000000070e000000, 0x000000070e000000| Untracked 
| 113|0x000000070e200000, 0x000000070e200000, 0x000000070e400000|  0%| F|  |TAMS 0x000000070e200000, 0x000000070e200000| Untracked 
| 114|0x000000070e400000, 0x000000070e400000, 0x000000070e600000|  0%| F|  |TAMS 0x000000070e400000, 0x000000070e400000| Untracked 
| 115|0x000000070e600000, 0x000000070e600000, 0x000000070e800000|  0%| F|  |TAMS 0x000000070e600000, 0x000000070e600000| Untracked 
| 116|0x000000070e800000, 0x000000070e800000, 0x000000070ea00000|  0%| F|  |TAMS 0x000000070e800000, 0x000000070e800000| Untracked 
| 117|0x000000070ea00000, 0x000000070ea00000, 0x000000070ec00000|  0%| F|  |TAMS 0x000000070ea00000, 0x000000070ea00000| Untracked 
| 118|0x000000070ec00000, 0x000000070ec00000, 0x000000070ee00000|  0%| F|  |TAMS 0x000000070ec00000, 0x000000070ec00000| Untracked 
| 119|0x000000070ee00000, 0x000000070ee00000, 0x000000070f000000|  0%| F|  |TAMS 0x000000070ee00000, 0x000000070ee00000| Untracked 
| 120|0x000000070f000000, 0x000000070f000000, 0x000000070f200000|  0%| F|  |TAMS 0x000000070f000000, 0x000000070f000000| Untracked 
| 121|0x000000070f200000, 0x000000070f200000, 0x000000070f400000|  0%| F|  |TAMS 0x000000070f200000, 0x000000070f200000| Untracked 
| 122|0x000000070f400000, 0x000000070f400000, 0x000000070f600000|  0%| F|  |TAMS 0x000000070f400000, 0x000000070f400000| Untracked 
| 123|0x000000070f600000, 0x000000070f600000, 0x000000070f800000|  0%| F|  |TAMS 0x000000070f600000, 0x000000070f600000| Untracked 
| 124|0x000000070f800000, 0x000000070f9c3308, 0x000000070fa00000| 88%| E|  |TAMS 0x000000070f800000, 0x000000070f800000| Complete 
| 125|0x000000070fa00000, 0x000000070fc00000, 0x000000070fc00000|100%| E|CS|TAMS 0x000000070fa00000, 0x000000070fa00000| Complete 
| 126|0x000000070fc00000, 0x000000070fe00000, 0x000000070fe00000|100%| E|CS|TAMS 0x000000070fc00000, 0x000000070fc00000| Complete 
| 127|0x000000070fe00000, 0x0000000710000000, 0x0000000710000000|100%| E|CS|TAMS 0x000000070fe00000, 0x000000070fe00000| Complete 
|2046|0x00000007ffc00000, 0x00000007ffd78000, 0x00000007ffe00000| 73%|OA|  |TAMS 0x00000007ffc00000, 0x00000007ffc00000| Untracked 
|2047|0x00000007ffe00000, 0x00000007ffe80000, 0x0000000800000000| 25%|CA|  |TAMS 0x00000007ffe00000, 0x00000007ffe00000| Untracked 

Card table byte_map: [0x0000000106494000,0x0000000106c94000] _byte_map_base: 0x0000000102c94000

Marking Bits (Prev, Next): (CMBitMap*) 0x0000000125036a10, (CMBitMap*) 0x0000000125036a50
 Prev Bits: [0x0000000147000000, 0x000000014b000000)
 Next Bits: [0x000000014b000000, 0x000000014f000000)

Polling page: 0x0000000104350000

Metaspace:

Usage:
  Non-class:      5.08 MB used.
      Class:    648.46 KB used.
       Both:      5.71 MB used.

Virtual space:
  Non-class space:       64.00 MB reserved,       5.19 MB (  8%) committed,  1 nodes.
      Class space:        1.00 GB reserved,     768.00 KB ( <1%) committed,  1 nodes.
             Both:        1.06 GB reserved,       5.94 MB ( <1%) committed. 

Chunk freelists:
   Non-Class:  2.77 MB
       Class:  3.23 MB
        Both:  6.00 MB

MaxMetaspaceSize: unlimited
CompressedClassSpaceSize: 1.00 GB
Initial GC threshold: 21.00 MB
Current GC threshold: 21.00 MB
CDS: on
MetaspaceReclaimPolicy: balanced
 - commit_granule_bytes: 65536.
 - commit_granule_words: 8192.
 - virtual_space_node_default_size: 8388608.
 - enlarge_chunks_in_place: 1.
 - new_chunks_are_fully_committed: 0.
 - uncommit_free_chunks: 1.
 - use_allocation_guard: 0.


Internal statistics:

num_allocs_failed_limit: 0.
num_arena_births: 174.
num_arena_deaths: 0.
num_vsnodes_births: 2.
num_vsnodes_deaths: 0.
num_space_committed: 95.
num_space_uncommitted: 0.
num_chunks_returned_to_freelist: 0.
num_chunks_taken_from_freelist: 187.
num_chunk_merges: 0.
num_chunk_splits: 134.
num_chunks_enlarged: 88.
num_inconsistent_stats: 0.

CodeHeap 'non-profiled nmethods': size=120032Kb used=193Kb max_used=193Kb free=119838Kb
 bounds [0x000000013fac8000, 0x000000013fd38000, 0x0000000147000000]
CodeHeap 'profiled nmethods': size=120016Kb used=813Kb max_used=813Kb free=119202Kb
 bounds [0x0000000138000000, 0x0000000138270000, 0x000000013f534000]
CodeHeap 'non-nmethods': size=5712Kb used=1286Kb max_used=1300Kb free=4425Kb
 bounds [0x000000013f534000, 0x000000013f7a4000, 0x000000013fac8000]
 total_blobs=1168 nmethods=587 adapters=496
 compilation: enabled
              stopped_count=0, restarted_count=0
 full_count=0

Compilation events (20 events):
Event: 0.649 Thread 0x0000000122808800  569       3       jdk.internal.org.objectweb.asm.Frame::setLocal (65 bytes)
Event: 0.649 Thread 0x0000000122808800 nmethod 569 0x00000001380c5c10 code [0x00000001380c5e00, 0x00000001380c6308]
Event: 0.649 Thread 0x0000000122808800  576  s    3       sun.java2d.loops.GraphicsPrimitive::makeUniqueID (26 bytes)
Event: 0.649 Thread 0x0000000122808800 nmethod 576 0x00000001380c6490 code [0x00000001380c6640, 0x00000001380c6858]
Event: 0.649 Thread 0x0000000122808800  577       3       sun.java2d.loops.GraphicsPrimitive::<init> (75 bytes)
Event: 0.650 Thread 0x0000000122808800 nmethod 577 0x00000001380c6990 code [0x00000001380c6b80, 0x00000001380c70d8]
Event: 0.650 Thread 0x0000000122808800  562       3       java.util.concurrent.ConcurrentHashMap$BaseIterator::hasNext (13 bytes)
Event: 0.650 Thread 0x0000000122808800 nmethod 562 0x00000001380c7310 code [0x00000001380c74c0, 0x00000001380c7618]
Event: 0.659 Thread 0x0000000122808800  579       3       jdk.internal.misc.CDS::isDumpingArchive (4 bytes)
Event: 0.661 Thread 0x0000000122808800 nmethod 579 0x00000001380c7690 code [0x00000001380c7840, 0x00000001380c7918]
Event: 0.661 Thread 0x0000000122808800  578       1       java.lang.invoke.DirectMethodHandle::isCrackable (5 bytes)
Event: 0.661 Thread 0x0000000122808800 nmethod 578 0x000000013faf7810 code [0x000000013faf79c0, 0x000000013faf7a58]
Event: 0.674 Thread 0x0000000122808800  581       3       jdk.internal.org.objectweb.asm.ClassReader::readUtf (161 bytes)
Event: 0.675 Thread 0x0000000122808800 nmethod 581 0x00000001380c7990 code [0x00000001380c7b80, 0x00000001380c8008]
Event: 0.678 Thread 0x0000000122808200  585       4       jdk.internal.org.objectweb.asm.SymbolTable$Entry::<init> (17 bytes)
Event: 0.678 Thread 0x0000000122808800  583       3       jdk.internal.org.objectweb.asm.Type::getReturnTypeOffset (64 bytes)
Event: 0.679 Thread 0x0000000122808200 nmethod 585 0x000000013faf8110 code [0x000000013faf82c0, 0x000000013faf8510]
Event: 0.679 Thread 0x0000000122808800 nmethod 583 0x00000001380c8290 code [0x00000001380c86c0, 0x00000001380c9a38]
Event: 0.680 Thread 0x0000000122808800  584       3       java.lang.invoke.InnerClassLambdaMetafactory::getOpcodeOffset (38 bytes)
Event: 0.680 Thread 0x0000000122808800 nmethod 584 0x00000001380ca210 code [0x00000001380ca400, 0x00000001380ca658]

GC Heap History (0 events):
No events

Dll operation events (12 events):
Event: 0.006 Loaded shared library /Library/Java/JavaVirtualMachines/jdk-19.jdk/Contents/Home/lib/libjava.dylib
Event: 0.053 Loaded shared library /Library/Java/JavaVirtualMachines/jdk-19.jdk/Contents/Home/lib/libzip.dylib
Event: 0.053 Loaded shared library /Library/Java/JavaVirtualMachines/jdk-19.jdk/Contents/Home/lib/libinstrument.dylib
Event: 0.058 Loaded shared library /Library/Java/JavaVirtualMachines/jdk-19.jdk/Contents/Home/lib/libnio.dylib
Event: 0.061 Loaded shared library /Library/Java/JavaVirtualMachines/jdk-19.jdk/Contents/Home/lib/libzip.dylib
Event: 0.077 Loaded shared library /Library/Java/JavaVirtualMachines/jdk-19.jdk/Contents/Home/lib/libnet.dylib
Event: 0.080 Loaded shared library /Library/Java/JavaVirtualMachines/jdk-19.jdk/Contents/Home/lib/libextnet.dylib
Event: 0.086 Loaded shared library /Library/Java/JavaVirtualMachines/jdk-19.jdk/Contents/Home/lib/libjimage.dylib
Event: 0.098 Loaded shared library /Library/Java/JavaVirtualMachines/jdk-19.jdk/Contents/Home/lib/libawt.dylib
Event: 0.102 Loaded shared library /Library/Java/JavaVirtualMachines/jdk-19.jdk/Contents/Home/lib/libawt_lwawt.dylib
Event: 0.130 Loaded shared library /Library/Java/JavaVirtualMachines/jdk-19.jdk/Contents/Home/lib/libfontmanager.dylib
Event: 0.362 Loaded shared library /Library/Java/JavaVirtualMachines/jdk-19.jdk/Contents/Home/lib/libosxui.dylib

Deoptimization events (20 events):
Event: 0.071 Thread 0x000000012400dc00 DEOPT PACKING pc=0x000000013fad5908 sp=0x000000016bd96140
Event: 0.071 Thread 0x000000012400dc00 DEOPT UNPACKING pc=0x000000013f58321c sp=0x000000016bd960e0 mode 2
Event: 0.433 Thread 0x000000012400dc00 Uncommon trap: trap_request=0xffffffc6 fr.pc=0x000000013fad48dc relative=0x000000000000099c
Event: 0.433 Thread 0x000000012400dc00 Uncommon trap: reason=bimorphic_or_optimized_type_check action=maybe_recompile pc=0x000000013fad48dc method=java.util.HashMap.putVal(ILjava/lang/Object;Ljava/lang/Object;ZZ)Ljava/lang/Object; @ 56 c2
Event: 0.433 Thread 0x000000012400dc00 DEOPT PACKING pc=0x000000013fad48dc sp=0x000000016bd96180
Event: 0.433 Thread 0x000000012400dc00 DEOPT UNPACKING pc=0x000000013f58321c sp=0x000000016bd960d0 mode 2
Event: 0.433 Thread 0x000000012400dc00 Uncommon trap: trap_request=0xffffffc6 fr.pc=0x000000013fad4918 relative=0x00000000000009d8
Event: 0.433 Thread 0x000000012400dc00 Uncommon trap: reason=bimorphic_or_optimized_type_check action=maybe_recompile pc=0x000000013fad4918 method=java.util.HashMap.putVal(ILjava/lang/Object;Ljava/lang/Object;ZZ)Ljava/lang/Object; @ 152 c2
Event: 0.433 Thread 0x000000012400dc00 DEOPT PACKING pc=0x000000013fad4918 sp=0x000000016bd96180
Event: 0.433 Thread 0x000000012400dc00 DEOPT UNPACKING pc=0x000000013f58321c sp=0x000000016bd960d0 mode 2
Event: 0.433 Thread 0x000000012400dc00 Uncommon trap: trap_request=0xffffffc6 fr.pc=0x000000013fad48dc relative=0x000000000000099c
Event: 0.433 Thread 0x000000012400dc00 Uncommon trap: reason=bimorphic_or_optimized_type_check action=maybe_recompile pc=0x000000013fad48dc method=java.util.HashMap.putVal(ILjava/lang/Object;Ljava/lang/Object;ZZ)Ljava/lang/Object; @ 56 c2
Event: 0.433 Thread 0x000000012400dc00 DEOPT PACKING pc=0x000000013fad48dc sp=0x000000016bd96180
Event: 0.433 Thread 0x000000012400dc00 DEOPT UNPACKING pc=0x000000013f58321c sp=0x000000016bd960d0 mode 2
Event: 0.433 Thread 0x000000012400dc00 Uncommon trap: trap_request=0xffffffc6 fr.pc=0x000000013fad4918 relative=0x00000000000009d8
Event: 0.433 Thread 0x000000012400dc00 Uncommon trap: reason=bimorphic_or_optimized_type_check action=maybe_recompile pc=0x000000013fad4918 method=java.util.HashMap.putVal(ILjava/lang/Object;Ljava/lang/Object;ZZ)Ljava/lang/Object; @ 152 c2
Event: 0.433 Thread 0x000000012400dc00 DEOPT PACKING pc=0x000000013fad4918 sp=0x000000016bd96180
Event: 0.433 Thread 0x000000012400dc00 DEOPT UNPACKING pc=0x000000013f58321c sp=0x000000016bd960d0 mode 2
Event: 0.611 Thread 0x000000012400dc00 DEOPT PACKING pc=0x00000001380298dc sp=0x000000016bd94da0
Event: 0.611 Thread 0x000000012400dc00 DEOPT UNPACKING pc=0x000000013f58307c sp=0x000000016bd949d0 mode 0

Classes loaded (20 events):
Event: 0.668 Loading class sun/awt/AWTAccessor$SequencedEventAccessor done
Event: 0.668 Loading class java/awt/SequencedEvent$1 done
Event: 0.668 Loading class java/awt/SequencedEvent$2
Event: 0.668 Loading class java/awt/SequencedEvent$2 done
Event: 0.668 Loading class java/lang/IllegalAccessException
Event: 0.668 Loading class java/lang/IllegalAccessException done
Event: 0.668 Loading class java/util/concurrent/locks/AbstractQueuedSynchronizer$ExclusiveNode
Event: 0.668 Loading class java/util/concurrent/locks/AbstractQueuedSynchronizer$ExclusiveNode done
Event: 0.668 Loading class java/awt/event/PaintEvent
Event: 0.668 Loading class java/awt/event/PaintEvent done
Event: 0.668 Loading class java/awt/event/MouseEvent
Event: 0.668 Loading class java/awt/event/MouseEvent done
Event: 0.668 Loading class java/awt/EventQueue$5
Event: 0.668 Loading class java/awt/EventQueue$5 done
Event: 0.669 Loading class sun/awt/dnd/SunDropTargetEvent
Event: 0.669 Loading class sun/awt/dnd/SunDropTargetEvent done
Event: 0.669 Loading class java/awt/event/FocusEvent
Event: 0.669 Loading class java/awt/event/FocusEvent done
Event: 0.679 Loading class java/util/concurrent/locks/ReentrantReadWriteLock$Sync$HoldCounter
Event: 0.679 Loading class java/util/concurrent/locks/ReentrantReadWriteLock$Sync$HoldCounter done

Classes unloaded (0 events):
No events

Classes redefined (0 events):
No events

Internal exceptions (20 events):
Event: 0.083 Thread 0x0000000124029800 Exception <a 'java/lang/NoSuchMethodError'{0x000000070fce8a30}: 'void java.lang.invoke.DirectMethodHandle$Holder.invokeStatic(java.lang.Object, java.lang.Object)'> (0x000000070fce8a30) 
thrown [open/src/hotspot/share/interpreter/linkResolver.cpp, line 774]
Event: 0.091 Thread 0x000000012400dc00 Exception <a 'java/lang/ClassNotFoundException'{0x000000070fd6c010}: sun/awt/resources/spi/awtProvider> (0x000000070fd6c010) 
thrown [open/src/hotspot/share/classfile/systemDictionary.cpp, line 255]
Event: 0.113 Thread 0x000000012400dc00 Exception <a 'java/io/FileNotFoundException'{0x000000070fdbd940}> (0x000000070fdbd940) 
thrown [open/src/hotspot/share/prims/jni.cpp, line 517]
Event: 0.117 Thread 0x000000012400dc00 Exception <a 'java/io/FileNotFoundException'{0x000000070fde9f10}> (0x000000070fde9f10) 
thrown [open/src/hotspot/share/prims/jni.cpp, line 517]
Event: 0.118 Thread 0x000000012400dc00 Exception <a 'java/lang/NoSuchMethodError'{0x000000070fded6b0}: 'java.lang.Object java.lang.invoke.DirectMethodHandle$Holder.invokeStaticInit(java.lang.Object)'> (0x000000070fded6b0) 
thrown [open/src/hotspot/share/interpreter/linkResolver.cpp, line 774]
Event: 0.127 Thread 0x000000012400dc00 Exception <a 'java/lang/ClassNotFoundException'{0x000000070fa1b670}: sun/awt/resources/spi/awtosxProvider> (0x000000070fa1b670) 
thrown [open/src/hotspot/share/classfile/systemDictionary.cpp, line 255]
Event: 0.357 Thread 0x000000012400dc00 Exception <a 'java/lang/NoSuchMethodError'{0x000000070fa5f550}: 'void java.lang.invoke.DirectMethodHandle$Holder.invokeSpecial(java.lang.Object, java.lang.Object, java.lang.Object)'> (0x000000070fa5f550) 
thrown [open/src/hotspot/share/interpreter/linkResolver.cpp, line 774]
Event: 0.366 Thread 0x000000012400dc00 Exception <a 'java/lang/NoSuchMethodError'{0x000000070fb54af8}: 'void java.lang.invoke.DirectMethodHandle$Holder.invokeStaticInit(java.lang.Object)'> (0x000000070fb54af8) 
thrown [open/src/hotspot/share/interpreter/linkResolver.cpp, line 774]
Event: 0.381 Thread 0x000000012400dc00 Exception <a 'java/lang/NoSuchMethodError'{0x000000070fb7ceb8}: 'java.lang.Object java.lang.invoke.DirectMethodHandle$Holder.newInvokeSpecial(java.lang.Object, java.lang.Object, java.lang.Object, java.lang.Object, java.lang.Object)'> (0x000000070fb7ceb8) 
thrown [open/src/hotspot/share/interpreter/linkResolver.cpp, line 774]
Event: 0.387 Thread 0x000000012400dc00 Exception <a 'java/lang/NoSuchMethodError'{0x000000070fbae2d0}: 'java.lang.Object java.lang.invoke.DirectMethodHandle$Holder.invokeStatic(java.lang.Object, int, java.lang.Object)'> (0x000000070fbae2d0) 
thrown [open/src/hotspot/share/interpreter/linkResolver.cpp, line 774]
Event: 0.392 Thread 0x000000012400dc00 Exception <a 'java/lang/ClassNotFoundException'{0x000000070fbe00e8}: com/apple/laf/resources/spi/aquaProvider> (0x000000070fbe00e8) 
thrown [open/src/hotspot/share/classfile/systemDictionary.cpp, line 255]
Event: 0.434 Thread 0x000000012400dc00 Exception <a 'java/lang/ClassNotFoundException'{0x000000070f852778}: com/sun/swing/internal/plaf/basic/resources/spi/basicProvider> (0x000000070f852778) 
thrown [open/src/hotspot/share/classfile/systemDictionary.cpp, line 255]
Event: 0.449 Thread 0x000000012400dc00 Exception <a 'java/lang/NoSuchMethodError'{0x000000070f8e4738}: 'int java.lang.invoke.Invokers$Holder.invokeExact_MT(java.lang.Object, java.lang.Object)'> (0x000000070f8e4738) 
thrown [open/src/hotspot/share/interpreter/linkResolver.cpp, line 774]
Event: 0.472 Thread 0x000000012400dc00 Exception <a 'java/lang/NoSuchMethodError'{0x000000070f900b28}: 'void java.lang.invoke.Invokers$Holder.invokeExact_MT(java.lang.Object, java.lang.Object, java.lang.Object, java.lang.Object)'> (0x000000070f900b28) 
thrown [open/src/hotspot/share/interpreter/linkResolver.cpp, line 774]
Event: 0.481 Thread 0x000000012400dc00 Exception <a 'java/lang/NoSuchMethodError'{0x000000070f90ced0}: 'java.lang.Object java.lang.invoke.DirectMethodHandle$Holder.newInvokeSpecial(java.lang.Object, java.lang.Object, java.lang.Object, int, java.lang.Object)'> (0x000000070f90ced0) 
thrown [open/src/hotspot/share/interpreter/linkResolver.cpp, line 774]
Event: 0.482 Thread 0x000000012400dc00 Exception <a 'java/lang/NoSuchMethodError'{0x000000070f914ab0}: 'java.lang.Object java.lang.invoke.Invokers$Holder.linkToTargetMethod(java.lang.Object, java.lang.Object, int, java.lang.Object, java.lang.Object)'> (0x000000070f914ab0) 
thrown [open/src/hotspot/share/interpreter/linkResolver.cpp, line 774]
Event: 0.522 Thread 0x000000012400dc00 Exception <a 'java/lang/NoSuchMethodError'{0x000000070f918de8}: 'void java.lang.invoke.DirectMethodHandle$Holder.invokeStatic(java.lang.Object, int, long)'> (0x000000070f918de8) 
thrown [open/src/hotspot/share/interpreter/linkResolver.cpp, line 774]
Event: 0.538 Thread 0x0000000124076000 Exception <a 'java/lang/NoSuchMethodError'{0x000000070f9539f8}: 'void java.lang.invoke.DirectMethodHandle$Holder.invokeStatic(java.lang.Object, long)'> (0x000000070f9539f8) 
thrown [open/src/hotspot/share/interpreter/linkResolver.cpp, line 774]
Event: 0.609 Thread 0x000000012400dc00 Exception <a 'java/lang/NoSuchMethodError'{0x000000070f93e148}: 'java.lang.Object java.lang.invoke.Invokers$Holder.linkToTargetMethod(int, int, int, int, java.lang.Object)'> (0x000000070f93e148) 
thrown [open/src/hotspot/share/interpreter/linkResolver.cpp, line 774]
Event: 0.610 Thread 0x000000012400dc00 Exception <a 'java/lang/NoSuchMethodError'{0x000000070f941a20}: 'void java.lang.invoke.DirectMethodHandle$Holder.invokeStatic(java.lang.Object, java.lang.Object, long)'> (0x000000070f941a20) 
thrown [open/src/hotspot/share/interpreter/linkResolver.cpp, line 774]

VM Operations (8 events):
Event: 0.042 Executing VM operation: HandshakeAllThreads
Event: 0.042 Executing VM operation: HandshakeAllThreads done
Event: 0.077 Executing VM operation: HandshakeAllThreads
Event: 0.077 Executing VM operation: HandshakeAllThreads done
Event: 0.121 Executing VM operation: HandshakeAllThreads
Event: 0.121 Executing VM operation: HandshakeAllThreads done
Event: 0.126 Executing VM operation: HandshakeAllThreads
Event: 0.126 Executing VM operation: HandshakeAllThreads done

Events (20 events):
Event: 0.024 Thread 0x0000000122808800 Thread added: 0x0000000122808800
Event: 0.024 Protecting memory [0x000000016d748000,0x000000016d754000] with protection modes 0
Event: 0.024 Thread 0x0000000107862a00 Thread added: 0x0000000107862a00
Event: 0.024 Protecting memory [0x000000016d954000,0x000000016d960000] with protection modes 0
Event: 0.036 Thread 0x0000000125056c00 Thread added: 0x0000000125056c00
Event: 0.036 Protecting memory [0x000000016db60000,0x000000016db6c000] with protection modes 0
Event: 0.076 Thread 0x0000000124029800 Thread added: 0x0000000124029800
Event: 0.076 Protecting memory [0x000000016dd6c000,0x000000016dd78000] with protection modes 0
Event: 0.076 Thread 0x0000000124014e00 Thread added: 0x0000000124014e00
Event: 0.076 Protecting memory [0x000000016df78000,0x000000016df84000] with protection modes 0
Event: 0.134 Protecting memory [0x000000016b30c000,0x000000016b318000] with protection modes 0
Event: 0.134 Thread 0x000000012487c200 Thread added: 0x000000012487c200
Event: 0.216 Thread 0x00000001078d9800 Thread added: 0x00000001078d9800
Event: 0.216 Protecting memory [0x000000016e390000,0x000000016e39c000] with protection modes 0
Event: 0.314 Thread 0x000000012495a800 Thread added: 0x000000012495a800
Event: 0.314 Protecting memory [0x000000016e740000,0x000000016e74c000] with protection modes 0
Event: 0.339 Thread 0x0000000124971200 Thread added: 0x0000000124971200
Event: 0.339 Protecting memory [0x000000016e94c000,0x000000016e958000] with protection modes 0
Event: 0.537 Thread 0x0000000124076000 Thread added: 0x0000000124076000
Event: 0.537 Protecting memory [0x000000016eb58000,0x000000016eb64000] with protection modes 0


Dynamic libraries:
0x00000001043b4000 	/Library/Java/JavaVirtualMachines/jdk-19.jdk/Contents/Home/lib/libjli.dylib
0x00000001afdc5000 	/System/Library/Frameworks/Cocoa.framework/Versions/A/Cocoa
0x000000019bc4f000 	/System/Library/Frameworks/AppKit.framework/Versions/C/AppKit
0x000000019e5f3000 	/System/Library/Frameworks/CoreData.framework/Versions/A/CoreData
0x00000001998b3000 	/System/Library/Frameworks/Foundation.framework/Versions/C/Foundation
0x00000001a3fc0000 	/usr/lib/libSystem.B.dylib
0x000000019cb5a000 	/System/Library/PrivateFrameworks/UIFoundation.framework/Versions/A/UIFoundation
0x000000020464e000 	/System/Library/PrivateFrameworks/CollectionViewCore.framework/Versions/A/CollectionViewCore
0x00000001aa271000 	/System/Library/PrivateFrameworks/RemoteViewServices.framework/Versions/A/RemoteViewServices
0x00000001a23f6000 	/System/Library/PrivateFrameworks/XCTTargetBootstrap.framework/Versions/A/XCTTargetBootstrap
0x00000001a5d54000 	/System/Library/PrivateFrameworks/InternationalSupport.framework/Versions/A/InternationalSupport
0x00000001a5ddb000 	/System/Library/PrivateFrameworks/UserActivity.framework/Versions/A/UserActivity
0x000000021b7d6000 	/System/Library/PrivateFrameworks/WindowManagement.framework/Versions/A/WindowManagement
0x000000019957d000 	/System/Library/Frameworks/SystemConfiguration.framework/Versions/A/SystemConfiguration
0x00000001a5258000 	/usr/lib/libspindump.dylib
0x000000019cd00000 	/System/Library/Frameworks/UniformTypeIdentifiers.framework/Versions/A/UniformTypeIdentifiers
0x00000001a070a000 	/usr/lib/libapp_launch_measurement.dylib
0x000000019fbba000 	/System/Library/PrivateFrameworks/CoreAnalytics.framework/Versions/A/CoreAnalytics
0x00000001a0711000 	/System/Library/PrivateFrameworks/CoreAutoLayout.framework/Versions/A/CoreAutoLayout
0x00000001a1c05000 	/System/Library/Frameworks/Metal.framework/Versions/A/Metal
0x00000001a2b54000 	/usr/lib/liblangid.dylib
0x00000001a23fc000 	/System/Library/PrivateFrameworks/CoreSVG.framework/Versions/A/CoreSVG
0x000000019d625000 	/System/Library/PrivateFrameworks/SkyLight.framework/Versions/A/SkyLight
0x000000019da3d000 	/System/Library/Frameworks/CoreGraphics.framework/Versions/A/CoreGraphics
0x00000001aa93c000 	/System/Library/Frameworks/Accelerate.framework/Versions/A/Accelerate
0x00000001a4cc6000 	/System/Library/PrivateFrameworks/IconServices.framework/Versions/A/IconServices
0x00000001a1be5000 	/System/Library/Frameworks/IOSurface.framework/Versions/A/IOSurface
0x000000019fbe7000 	/usr/lib/libDiagnosticMessagesClient.dylib
0x00000001a3f06000 	/usr/lib/libz.1.dylib
0x00000001adba3000 	/System/Library/Frameworks/ApplicationServices.framework/Versions/A/ApplicationServices
0x00000001a23de000 	/System/Library/PrivateFrameworks/DFRFoundation.framework/Versions/A/DFRFoundation
0x000000019b4cd000 	/usr/lib/libicucore.A.dylib
0x00000001a6ce4000 	/System/Library/Frameworks/AudioToolbox.framework/Versions/A/AudioToolbox
0x00000001a5d5f000 	/System/Library/PrivateFrameworks/DataDetectorsCore.framework/Versions/A/DataDetectorsCore
0x00000001bce62000 	/System/Library/PrivateFrameworks/TextInput.framework/Versions/A/TextInput
0x000000019d58a000 	/usr/lib/libMobileGestalt.dylib
0x00000001a20aa000 	/System/Library/Frameworks/Carbon.framework/Versions/A/Frameworks/HIToolbox.framework/Versions/A/HIToolbox
0x00000001a0092000 	/System/Library/Frameworks/QuartzCore.framework/Versions/A/QuartzCore
0x000000019b129000 	/System/Library/Frameworks/Security.framework/Versions/A/Security
0x00000001aa2b1000 	/System/Library/Frameworks/Carbon.framework/Versions/A/Frameworks/SpeechRecognition.framework/Versions/A/SpeechRecognition
0x00000001a0449000 	/System/Library/PrivateFrameworks/CoreUI.framework/Versions/A/CoreUI
0x000000019aa22000 	/System/Library/Frameworks/CoreAudio.framework/Versions/A/CoreAudio
0x000000019fcc3000 	/System/Library/Frameworks/DiskArbitration.framework/Versions/A/DiskArbitration
0x00000001a568c000 	/System/Library/PrivateFrameworks/MultitouchSupport.framework/Versions/A/MultitouchSupport
0x000000019d588000 	/usr/lib/libenergytrace.dylib
0x000000019bb12000 	/System/Library/Frameworks/IOKit.framework/Versions/A/IOKit
0x00000001aa698000 	/System/Library/Frameworks/CoreServices.framework/Versions/A/CoreServices
0x00000001a0697000 	/System/Library/PrivateFrameworks/PerformanceAnalysis.framework/Versions/A/PerformanceAnalysis
0x00000001e7c7e000 	/System/Library/Frameworks/OpenGL.framework/Versions/A/OpenGL
0x00000001a075b000 	/usr/lib/libxml2.2.dylib
0x00000001a3528000 	/System/Library/PrivateFrameworks/MobileKeyBag.framework/Versions/A/MobileKeyBag
0x00000001985b4000 	/usr/lib/libobjc.A.dylib
0x000000019886a000 	/usr/lib/libc++.1.dylib
0x000000019e088000 	/System/Library/Frameworks/ColorSync.framework/Versions/A/ColorSync
0x0000000198987000 	/System/Library/Frameworks/CoreFoundation.framework/Versions/A/CoreFoundation
0x00000001a2776000 	/System/Library/Frameworks/CoreImage.framework/Versions/A/CoreImage
0x000000019a843000 	/System/Library/Frameworks/CoreText.framework/Versions/A/CoreText
0x00000001a2435000 	/System/Library/Frameworks/ImageIO.framework/Versions/A/ImageIO
0x00000001a3fc6000 	/System/Library/PrivateFrameworks/SoftLinking.framework/Versions/A/SoftLinking
0x00000001a425a000 	/usr/lib/libcompression.dylib
0x00000001a5cb0000 	/System/Library/PrivateFrameworks/TextureIO.framework/Versions/A/TextureIO
0x00000001a4998000 	/usr/lib/libate.dylib
0x00000001a3fba000 	/usr/lib/system/libcache.dylib
0x00000001a3f73000 	/usr/lib/system/libcommonCrypto.dylib
0x00000001a3fa1000 	/usr/lib/system/libcompiler_rt.dylib
0x00000001a3f97000 	/usr/lib/system/libcopyfile.dylib
0x00000001986e8000 	/usr/lib/system/libcorecrypto.dylib
0x000000019879e000 	/usr/lib/system/libdispatch.dylib
0x000000019892f000 	/usr/lib/system/libdyld.dylib
0x00000001a3fb0000 	/usr/lib/system/libkeymgr.dylib
0x00000001a3f51000 	/usr/lib/system/libmacho.dylib
0x00000001a3622000 	/usr/lib/system/libquarantine.dylib
0x00000001a3fad000 	/usr/lib/system/libremovefile.dylib
0x000000019d5ef000 	/usr/lib/system/libsystem_asl.dylib
0x0000000198685000 	/usr/lib/system/libsystem_blocks.dylib
0x00000001987e9000 	/usr/lib/system/libsystem_c.dylib
0x00000001a3fa5000 	/usr/lib/system/libsystem_collections.dylib
0x00000001a2b43000 	/usr/lib/system/libsystem_configuration.dylib
0x00000001a1bb3000 	/usr/lib/system/libsystem_containermanager.dylib
0x00000001a3c59000 	/usr/lib/system/libsystem_coreservices.dylib
0x000000019b784000 	/usr/lib/system/libsystem_darwin.dylib
0x00000001a3fb1000 	/usr/lib/system/libsystem_dnssd.dylib
0x00000001987e6000 	/usr/lib/system/libsystem_featureflags.dylib
0x000000019895b000 	/usr/lib/system/libsystem_info.dylib
0x00000001a3f18000 	/usr/lib/system/libsystem_m.dylib
0x0000000198772000 	/usr/lib/system/libsystem_malloc.dylib
0x000000019d56f000 	/usr/lib/system/libsystem_networkextension.dylib
0x000000019bbee000 	/usr/lib/system/libsystem_notify.dylib
0x00000001a2b48000 	/usr/lib/system/libsystem_sandbox.dylib
0x00000001a3faa000 	/usr/lib/system/libsystem_secinit.dylib
0x00000001988e9000 	/usr/lib/system/libsystem_kernel.dylib
0x0000000198953000 	/usr/lib/system/libsystem_platform.dylib
0x0000000198922000 	/usr/lib/system/libsystem_pthread.dylib
0x000000019edc4000 	/usr/lib/system/libsystem_symptoms.dylib
0x00000001986ce000 	/usr/lib/system/libsystem_trace.dylib
0x00000001a3f84000 	/usr/lib/system/libunwind.dylib
0x000000019868a000 	/usr/lib/system/libxpc.dylib
0x00000001988d1000 	/usr/lib/libc++abi.dylib
0x00000001a3f8f000 	/usr/lib/liboah.dylib
0x00000001a4857000 	/usr/lib/liblzma.5.dylib
0x00000001a3fc2000 	/usr/lib/libfakelink.dylib
0x000000019d1ad000 	/System/Library/Frameworks/CFNetwork.framework/Versions/A/CFNetwork
0x00000001a4101000 	/usr/lib/libarchive.2.dylib
0x00000001a85ef000 	/System/Library/Frameworks/Combine.framework/Versions/A/Combine
0x00000001a66ae000 	/usr/lib/swift/libswiftCore.dylib
0x00000001b9f3b000 	/usr/lib/swift/libswiftCoreFoundation.dylib
0x00000001b7e17000 	/usr/lib/swift/libswiftDarwin.dylib
0x00000001abbb0000 	/usr/lib/swift/libswiftDispatch.dylib
0x00000001b9f5c000 	/usr/lib/swift/libswiftIOKit.dylib
0x00000001adfc6000 	/usr/lib/swift/libswiftObjectiveC.dylib
0x00000001b9f4f000 	/usr/lib/swift/libswiftXPC.dylib
0x0000000222001000 	/usr/lib/swift/libswift_Concurrency.dylib
0x0000000222153000 	/usr/lib/swift/libswift_StringProcessing.dylib
0x00000001adfca000 	/usr/lib/swift/libswiftos.dylib
0x000000019ba97000 	/System/Library/PrivateFrameworks/CoreServicesInternal.framework/Versions/A/CoreServicesInternal
0x00000001a364d000 	/usr/lib/libbsm.0.dylib
0x00000001a3f57000 	/usr/lib/system/libkxld.dylib
0x00000001a06d3000 	/System/Library/Frameworks/CoreServices.framework/Versions/A/Frameworks/FSEvents.framework/Versions/A/FSEvents
0x000000019b78f000 	/System/Library/Frameworks/CoreServices.framework/Versions/A/Frameworks/CarbonCore.framework/Versions/A/CarbonCore
0x000000019fc2a000 	/System/Library/Frameworks/CoreServices.framework/Versions/A/Frameworks/Metadata.framework/Versions/A/Metadata
0x00000001a3c5f000 	/System/Library/Frameworks/CoreServices.framework/Versions/A/Frameworks/OSServices.framework/Versions/A/OSServices
0x00000001a4188000 	/System/Library/Frameworks/CoreServices.framework/Versions/A/Frameworks/SearchKit.framework/Versions/A/SearchKit
0x000000019ed47000 	/System/Library/Frameworks/CoreServices.framework/Versions/A/Frameworks/AE.framework/Versions/A/AE
0x0000000198e5f000 	/System/Library/Frameworks/CoreServices.framework/Versions/A/Frameworks/LaunchServices.framework/Versions/A/LaunchServices
0x00000001a4800000 	/System/Library/Frameworks/CoreServices.framework/Versions/A/Frameworks/DictionaryServices.framework/Versions/A/DictionaryServices
0x00000001a06e0000 	/System/Library/Frameworks/CoreServices.framework/Versions/A/Frameworks/SharedFileList.framework/Versions/A/SharedFileList
0x00000001a4227000 	/usr/lib/libapple_nghttp2.dylib
0x000000019d1a9000 	/usr/lib/libnetwork.dylib
0x000000019e9cb000 	/usr/lib/libsqlite3.dylib
0x000000019edcd000 	/System/Library/Frameworks/Network.framework/Versions/A/Network
0x0000000221153000 	/usr/lib/libCoreEntitlements.dylib
0x000000020dc2e000 	/System/Library/PrivateFrameworks/MessageSecurity.framework/Versions/A/MessageSecurity
0x000000019e9b1000 	/System/Library/PrivateFrameworks/ProtocolBuffer.framework/Versions/A/ProtocolBuffer
0x00000001a3c3b000 	/System/Library/PrivateFrameworks/AppleFSCompression.framework/Versions/A/AppleFSCompression
0x00000001a3635000 	/usr/lib/libcoretls.dylib
0x00000001a4870000 	/usr/lib/libcoretls_cfhelpers.dylib
0x00000001a4254000 	/usr/lib/libpam.2.dylib
0x00000001a48d6000 	/usr/lib/libxar.1.dylib
0x00000001a4ca1000 	/usr/lib/libheimdal-asn1.dylib
0x00000001a3fc7000 	/usr/lib/libpcap.A.dylib
0x000000019edba000 	/usr/lib/libdns_services.dylib
0x00000001a2b50000 	/System/Library/PrivateFrameworks/AppleSystemInfo.framework/Versions/A/AppleSystemInfo
0x00000001a3329000 	/System/Library/PrivateFrameworks/IOMobileFramebuffer.framework/Versions/A/IOMobileFramebuffer
0x00000001a3c4c000 	/usr/lib/libbz2.1.0.dylib
0x00000001a3625000 	/usr/lib/libCheckFix.dylib
0x000000019d607000 	/System/Library/PrivateFrameworks/TCC.framework/Versions/A/TCC
0x00000001a2b56000 	/System/Library/PrivateFrameworks/CoreNLP.framework/Versions/A/CoreNLP
0x000000019fbe9000 	/System/Library/PrivateFrameworks/MetadataUtilities.framework/Versions/A/MetadataUtilities
0x00000001a365e000 	/usr/lib/libmecab.dylib
0x0000000199607000 	/usr/lib/libCRFSuite.dylib
0x00000001a36bb000 	/usr/lib/libgermantok.dylib
0x00000001a4200000 	/usr/lib/libThaiTokenizer.dylib
0x000000019fccc000 	/System/Library/Frameworks/Accelerate.framework/Versions/A/Frameworks/vImage.framework/Versions/A/vImage
0x00000001aa66f000 	/System/Library/Frameworks/Accelerate.framework/Versions/A/Frameworks/vecLib.framework/Versions/A/vecLib
0x00000001a491c000 	/System/Library/Frameworks/Accelerate.framework/Versions/A/Frameworks/vecLib.framework/Versions/A/libvMisc.dylib
0x00000001a3229000 	/System/Library/Frameworks/Accelerate.framework/Versions/A/Frameworks/vecLib.framework/Versions/A/libvDSP.dylib
0x0000000199213000 	/System/Library/Frameworks/Accelerate.framework/Versions/A/Frameworks/vecLib.framework/Versions/A/libBLAS.dylib
0x00000001a432c000 	/System/Library/Frameworks/Accelerate.framework/Versions/A/Frameworks/vecLib.framework/Versions/A/libLAPACK.dylib
0x00000001a36be000 	/System/Library/Frameworks/Accelerate.framework/Versions/A/Frameworks/vecLib.framework/Versions/A/libLinearAlgebra.dylib
0x00000001a423f000 	/System/Library/Frameworks/Accelerate.framework/Versions/A/Frameworks/vecLib.framework/Versions/A/libSparseBLAS.dylib
0x00000001a4327000 	/System/Library/Frameworks/Accelerate.framework/Versions/A/Frameworks/vecLib.framework/Versions/A/libQuadrature.dylib
0x00000001a2c4f000 	/System/Library/Frameworks/Accelerate.framework/Versions/A/Frameworks/vecLib.framework/Versions/A/libBNNS.dylib
0x0000000199516000 	/System/Library/Frameworks/Accelerate.framework/Versions/A/Frameworks/vecLib.framework/Versions/A/libSparse.dylib
0x000000020cf64000 	/System/Library/PrivateFrameworks/MIL.framework/Versions/A/MIL
0x00000001a3ffc000 	/usr/lib/libiconv.2.dylib
0x00000001a3f50000 	/usr/lib/libcharset.1.dylib
0x00000001a06b3000 	/System/Library/Frameworks/OpenDirectory.framework/Versions/A/Frameworks/CFOpenDirectory.framework/Versions/A/CFOpenDirectory
0x00000001a06a3000 	/System/Library/Frameworks/OpenDirectory.framework/Versions/A/OpenDirectory
0x00000001a4872000 	/System/Library/PrivateFrameworks/APFS.framework/Versions/A/APFS
0x00000001a355f000 	/System/Library/Frameworks/SecurityFoundation.framework/Versions/A/SecurityFoundation
0x00000001a48e5000 	/usr/lib/libutil.dylib
0x000000020bfe5000 	/System/Library/PrivateFrameworks/InstalledContentLibrary.framework/Versions/A/InstalledContentLibrary
0x000000019bad5000 	/System/Library/PrivateFrameworks/CoreServicesStore.framework/Versions/A/CoreServicesStore
0x000000020301b000 	/System/Library/PrivateFrameworks/AppleMobileFileIntegrity.framework/Versions/A/AppleMobileFileIntegrity
0x00000001b9f1a000 	/usr/lib/libmis.dylib
0x00000001c7e3f000 	/System/Library/PrivateFrameworks/MobileSystemServices.framework/Versions/A/MobileSystemServices
0x00000001e2584000 	/System/Library/PrivateFrameworks/ConfigProfileHelper.framework/Versions/A/ConfigProfileHelper
0x00000001a4202000 	/System/Library/PrivateFrameworks/AppleSauce.framework/Versions/A/AppleSauce
0x000000019a2ec000 	/System/Library/PrivateFrameworks/LanguageModeling.framework/Versions/A/LanguageModeling
0x00000001a48e9000 	/usr/lib/libxslt.1.dylib
0x00000001a40ef000 	/usr/lib/libcmph.dylib
0x00000001a3316000 	/System/Library/PrivateFrameworks/CoreEmoji.framework/Versions/A/CoreEmoji
0x00000001a2c49000 	/System/Library/PrivateFrameworks/LinguisticData.framework/Versions/A/LinguisticData
0x00000001994ce000 	/System/Library/PrivateFrameworks/Lexicon.framework/Versions/A/Lexicon
0x00000001a35f2000 	/System/Library/PrivateFrameworks/BackgroundTaskManagement.framework/Versions/A/BackgroundTaskManagement
0x00000002212f2000 	/usr/lib/libTLE.dylib
0x000000022209e000 	/usr/lib/swift/libswift_RegexParser.dylib
0x00000001a5551000 	/System/Library/PrivateFrameworks/AppleJPEG.framework/Versions/A/AppleJPEG
0x00000001a4c86000 	/usr/lib/libexpat.1.dylib
0x00000001a5b12000 	/System/Library/Frameworks/ImageIO.framework/Versions/A/Resources/libPng.dylib
0x00000001a5b3d000 	/System/Library/Frameworks/ImageIO.framework/Versions/A/Resources/libTIFF.dylib
0x00000001a5c26000 	/System/Library/Frameworks/ImageIO.framework/Versions/A/Resources/libGIF.dylib
0x00000001a5596000 	/System/Library/Frameworks/ImageIO.framework/Versions/A/Resources/libJP2.dylib
0x00000001a5bca000 	/System/Library/Frameworks/ImageIO.framework/Versions/A/Resources/libJPEG.dylib
0x00000001a5bc1000 	/System/Library/Frameworks/ImageIO.framework/Versions/A/Resources/libRadiance.dylib
0x00000001a1f33000 	/System/Library/PrivateFrameworks/FontServices.framework/libFontParser.dylib
0x000000019ece9000 	/System/Library/PrivateFrameworks/RunningBoardServices.framework/Versions/A/RunningBoardServices
0x00000001b04f6000 	/System/Library/PrivateFrameworks/IOSurfaceAccelerator.framework/Versions/A/IOSurfaceAccelerator
0x00000001a5688000 	/System/Library/PrivateFrameworks/WatchdogClient.framework/Versions/A/WatchdogClient
0x000000019a465000 	/System/Library/Frameworks/CoreDisplay.framework/Versions/A/CoreDisplay
0x00000001a1e0d000 	/System/Library/Frameworks/CoreMedia.framework/Versions/A/CoreMedia
0x00000001a1bfb000 	/System/Library/PrivateFrameworks/IOAccelerator.framework/Versions/A/IOAccelerator
0x00000001a0844000 	/System/Library/Frameworks/CoreVideo.framework/Versions/A/CoreVideo
0x00000001a4252000 	/System/Library/Frameworks/MetalPerformanceShaders.framework/Versions/A/MetalPerformanceShaders
0x00000001a56c7000 	/System/Library/Frameworks/VideoToolbox.framework/Versions/A/VideoToolbox
0x000000019ec2c000 	/System/Library/PrivateFrameworks/BaseBoard.framework/Versions/A/BaseBoard
0x00000001a5bbc000 	/System/Library/PrivateFrameworks/GPUWrangler.framework/Versions/A/GPUWrangler
0x00000001a5b9c000 	/System/Library/PrivateFrameworks/IOPresentment.framework/Versions/A/IOPresentment
0x00000001a5bc4000 	/System/Library/PrivateFrameworks/DSExternalDisplay.framework/Versions/A/DSExternalDisplay
0x00000002087bf000 	/System/Library/PrivateFrameworks/GPUCompiler.framework/Versions/31001/Libraries/libllvm-flatbuffers.dylib
0x00000001e7c71000 	/System/Library/Frameworks/OpenGL.framework/Versions/A/Libraries/libCoreFSCache.dylib
0x00000002087bb000 	/System/Library/PrivateFrameworks/GPUCompiler.framework/Versions/31001/Libraries/libGPUCompilerUtils.dylib
0x00000001a5c2c000 	/System/Library/PrivateFrameworks/CMCaptureCore.framework/Versions/A/CMCaptureCore
0x00000001fd25a000 	/System/Library/Frameworks/ExtensionFoundation.framework/Versions/A/ExtensionFoundation
0x00000001ac357000 	/System/Library/PrivateFrameworks/CoreTime.framework/Versions/A/CoreTime
0x00000001a5243000 	/System/Library/PrivateFrameworks/AppServerSupport.framework/Versions/A/AppServerSupport
0x00000001a75c6000 	/System/Library/PrivateFrameworks/perfdata.framework/Versions/A/perfdata
0x000000019a585000 	/System/Library/PrivateFrameworks/AudioToolboxCore.framework/Versions/A/AudioToolboxCore
0x00000001a1de3000 	/System/Library/PrivateFrameworks/caulk.framework/Versions/A/caulk
0x00000001a6e83000 	/usr/lib/libAudioStatistics.dylib
0x00000001b9354000 	/System/Library/PrivateFrameworks/SystemPolicy.framework/Versions/A/SystemPolicy
0x00000001a7125000 	/usr/lib/libSMC.dylib
0x00000001afc9a000 	/System/Library/Frameworks/CoreMIDI.framework/Versions/A/CoreMIDI
0x00000001a5adf000 	/usr/lib/libAudioToolboxUtility.dylib
0x00000001b50d7000 	/System/Library/PrivateFrameworks/OSAServicesClient.framework/Versions/A/OSAServicesClient
0x00000001a75d3000 	/usr/lib/libperfcheck.dylib
0x00000001a4b71000 	/System/Library/PrivateFrameworks/PlugInKit.framework/Versions/A/PlugInKit
0x00000001a3551000 	/System/Library/PrivateFrameworks/AssertionServices.framework/Versions/A/AssertionServices
0x00000001e7cd3000 	/System/Library/Frameworks/OpenGL.framework/Versions/A/Libraries/libGLU.dylib
0x00000001e7c92000 	/System/Library/Frameworks/OpenGL.framework/Versions/A/Libraries/libGFXShared.dylib
0x00000001e7e79000 	/System/Library/Frameworks/OpenGL.framework/Versions/A/Libraries/libGL.dylib
0x00000001e7c9b000 	/System/Library/Frameworks/OpenGL.framework/Versions/A/Libraries/libGLImage.dylib
0x00000001e7c8f000 	/System/Library/Frameworks/OpenGL.framework/Versions/A/Libraries/libCVMSPluginSupport.dylib
0x00000002212d1000 	/usr/lib/libRosetta.dylib
0x00000001e7c78000 	/System/Library/Frameworks/OpenGL.framework/Versions/A/Libraries/libCoreVMClient.dylib
0x00000001a2ac8000 	/System/Library/Frameworks/MetalPerformanceShaders.framework/Versions/A/Frameworks/MPSCore.framework/Versions/A/MPSCore
0x00000001a3bb1000 	/System/Library/Frameworks/MetalPerformanceShaders.framework/Versions/A/Frameworks/MPSImage.framework/Versions/A/MPSImage
0x00000001a36d3000 	/System/Library/Frameworks/MetalPerformanceShaders.framework/Versions/A/Frameworks/MPSNeuralNetwork.framework/Versions/A/MPSNeuralNetwork
0x00000001a3abf000 	/System/Library/Frameworks/MetalPerformanceShaders.framework/Versions/A/Frameworks/MPSMatrix.framework/Versions/A/MPSMatrix
0x00000001a38d1000 	/System/Library/Frameworks/MetalPerformanceShaders.framework/Versions/A/Frameworks/MPSRayIntersector.framework/Versions/A/MPSRayIntersector
0x00000001a3aed000 	/System/Library/Frameworks/MetalPerformanceShaders.framework/Versions/A/Frameworks/MPSNDArray.framework/Versions/A/MPSNDArray
0x00000001fe628000 	/System/Library/Frameworks/MetalPerformanceShaders.framework/Versions/A/Frameworks/MPSFunctions.framework/Versions/A/MPSFunctions
0x00000001990d9000 	/System/Library/PrivateFrameworks/MetalTools.framework/Versions/A/MetalTools
0x00000001a2b4e000 	/System/Library/PrivateFrameworks/AggregateDictionary.framework/Versions/A/AggregateDictionary
0x00000001a4a2a000 	/usr/lib/libIOReport.dylib
0x00000001aee8a000 	/System/Library/PrivateFrameworks/ASEProcessing.framework/Versions/A/ASEProcessing
0x00000001a4de1000 	/System/Library/PrivateFrameworks/GraphVisualizer.framework/Versions/A/GraphVisualizer
0x00000002086cc000 	/System/Library/PrivateFrameworks/FontServices.framework/Versions/A/FontServices
0x00000001a5201000 	/System/Library/PrivateFrameworks/OTSVG.framework/Versions/A/OTSVG
0x00000001a03f7000 	/System/Library/Frameworks/ApplicationServices.framework/Versions/A/Frameworks/ATS.framework/Versions/A/Resources/libFontRegistry.dylib
0x00000001a524d000 	/System/Library/PrivateFrameworks/FontServices.framework/libhvf.dylib
0x00000002086cd000 	/System/Library/PrivateFrameworks/FontServices.framework/libXTFontStaticRegistryData.dylib
0x000000021a4ea000 	/System/Library/PrivateFrameworks/VideoToolboxParavirtualizationSupport.framework/Versions/A/VideoToolboxParavirtualizationSupport
0x00000001a4c3a000 	/System/Library/PrivateFrameworks/AppleVA.framework/Versions/A/AppleVA
0x00000001a6ec3000 	/System/Library/Frameworks/ApplicationServices.framework/Versions/A/Frameworks/ATS.framework/Versions/A/ATS
0x000000019e17b000 	/System/Library/Frameworks/ApplicationServices.framework/Versions/A/Frameworks/HIServices.framework/Versions/A/HIServices
0x00000001a5c38000 	/System/Library/Frameworks/ApplicationServices.framework/Versions/A/Frameworks/PrintCore.framework/Versions/A/PrintCore
0x00000001a727e000 	/System/Library/Frameworks/ApplicationServices.framework/Versions/A/Frameworks/QD.framework/Versions/A/QD
0x00000001a7272000 	/System/Library/Frameworks/ApplicationServices.framework/Versions/A/Frameworks/ColorSyncLegacy.framework/Versions/A/ColorSyncLegacy
0x00000001a6e97000 	/System/Library/Frameworks/ApplicationServices.framework/Versions/A/Frameworks/SpeechSynthesis.framework/Versions/A/SpeechSynthesis
0x00000001a5bf6000 	/System/Library/Frameworks/ApplicationServices.framework/Versions/A/Frameworks/ATSUI.framework/Versions/A/ATSUI
0x00000001a7205000 	/usr/lib/libcups.2.dylib
0x00000001a75e1000 	/System/Library/Frameworks/Kerberos.framework/Versions/A/Kerberos
0x00000001a75f2000 	/System/Library/Frameworks/GSS.framework/Versions/A/GSS
0x00000001a6f35000 	/usr/lib/libresolv.9.dylib
0x00000001a525d000 	/System/Library/PrivateFrameworks/Heimdal.framework/Versions/A/Heimdal
0x00000001adf48000 	/System/Library/Frameworks/Kerberos.framework/Versions/A/Libraries/libHeimdalProxy.dylib
0x00000001a7642000 	/System/Library/PrivateFrameworks/CommonAuth.framework/Versions/A/CommonAuth
0x00000001fc494000 	/System/Library/Frameworks/AVFAudio.framework/Versions/A/AVFAudio
0x00000001b5126000 	/System/Library/PrivateFrameworks/AXCoreUtilities.framework/Versions/A/AXCoreUtilities
0x00000001a6e0f000 	/System/Library/PrivateFrameworks/AudioSession.framework/Versions/A/AudioSession
0x00000001a83a6000 	/System/Library/Frameworks/IOBluetooth.framework/Versions/A/IOBluetooth
0x00000001a4d3b000 	/System/Library/PrivateFrameworks/MediaExperience.framework/Versions/A/MediaExperience
0x00000001a6caa000 	/System/Library/PrivateFrameworks/AudioSession.framework/libSessionUtility.dylib
0x00000001a728a000 	/System/Library/PrivateFrameworks/AudioResourceArbitration.framework/Versions/A/AudioResourceArbitration
0x00000001ab287000 	/System/Library/PrivateFrameworks/PowerLog.framework/Versions/A/PowerLog
0x00000001ab1c9000 	/System/Library/Frameworks/CoreBluetooth.framework/Versions/A/CoreBluetooth
0x00000001adf49000 	/System/Library/Frameworks/AudioUnit.framework/Versions/A/AudioUnit
0x00000001a33b4000 	/System/Library/PrivateFrameworks/CoreUtils.framework/Versions/A/CoreUtils
0x00000002070d1000 	/System/Library/PrivateFrameworks/CoreUtilsExtras.framework/Versions/A/CoreUtilsExtras
0x000000020be83000 	/System/Library/PrivateFrameworks/IO80211.framework/Versions/A/IO80211
0x00000001a4cab000 	/System/Library/PrivateFrameworks/IconFoundation.framework/Versions/A/IconFoundation
0x00000001aa29d000 	/System/Library/PrivateFrameworks/SpeechRecognitionCore.framework/Versions/A/SpeechRecognitionCore
0x0000000105410000 	/Library/Java/JavaVirtualMachines/jdk-19.jdk/Contents/Home/lib/server/libjvm.dylib
0x0000000104364000 	/Library/Java/JavaVirtualMachines/jdk-19.jdk/Contents/Home/lib/libjimage.dylib
0x0000000104418000 	/Library/Java/JavaVirtualMachines/jdk-19.jdk/Contents/Home/lib/libinstrument.dylib
0x0000000104464000 	/Library/Java/JavaVirtualMachines/jdk-19.jdk/Contents/Home/lib/libjava.dylib
0x00000001044d8000 	/Library/Java/JavaVirtualMachines/jdk-19.jdk/Contents/Home/lib/libzip.dylib
0x0000000105140000 	/Library/Java/JavaVirtualMachines/jdk-19.jdk/Contents/Home/lib/libnio.dylib
0x0000000105160000 	/Library/Java/JavaVirtualMachines/jdk-19.jdk/Contents/Home/lib/libnet.dylib
0x0000000104444000 	/Library/Java/JavaVirtualMachines/jdk-19.jdk/Contents/Home/lib/libextnet.dylib
0x0000000117e80000 	/Library/Java/JavaVirtualMachines/jdk-19.jdk/Contents/Home/lib/libawt.dylib
0x0000000107700000 	/Library/Java/JavaVirtualMachines/jdk-19.jdk/Contents/Home/lib/libmlib_image.dylib
0x00000001fd83b000 	/System/Library/Frameworks/JavaRuntimeSupport.framework/Versions/A/JavaRuntimeSupport
0x00000001b8d52000 	/System/Library/Frameworks/Carbon.framework/Versions/A/Carbon
0x00000001ac27d000 	/System/Library/PrivateFrameworks/CoreSymbolication.framework/Versions/A/CoreSymbolication
0x00000001b1a31000 	/System/Library/Frameworks/Carbon.framework/Versions/A/Frameworks/CommonPanels.framework/Versions/A/CommonPanels
0x00000001ad8d5000 	/System/Library/Frameworks/Carbon.framework/Versions/A/Frameworks/Help.framework/Versions/A/Help
0x00000001b1a35000 	/System/Library/Frameworks/Carbon.framework/Versions/A/Frameworks/ImageCapture.framework/Versions/A/ImageCapture
0x00000001b1a01000 	/System/Library/Frameworks/Carbon.framework/Versions/A/Frameworks/OpenScripting.framework/Versions/A/OpenScripting
0x00000001b1a2d000 	/System/Library/Frameworks/Carbon.framework/Versions/A/Frameworks/Ink.framework/Versions/A/Ink
0x00000001b8d4e000 	/System/Library/Frameworks/Carbon.framework/Versions/A/Frameworks/Print.framework/Versions/A/Print
0x00000001b1a29000 	/System/Library/Frameworks/Carbon.framework/Versions/A/Frameworks/SecurityHI.framework/Versions/A/SecurityHI
0x00000001ac23e000 	/System/Library/PrivateFrameworks/DebugSymbols.framework/Versions/A/DebugSymbols
0x0000000123920000 	/Library/Java/JavaVirtualMachines/jdk-19.jdk/Contents/Home/lib/libawt_lwawt.dylib
0x00000001051a8000 	/Library/Java/JavaVirtualMachines/jdk-19.jdk/Contents/Home/lib/libosxapp.dylib
0x00000001b7e8a000 	/System/Library/Frameworks/ExceptionHandling.framework/Versions/A/ExceptionHandling
0x0000000123bb8000 	/Library/Java/JavaVirtualMachines/jdk-19.jdk/Contents/Home/lib/libfontmanager.dylib
0x0000000123800000 	/Library/Java/JavaVirtualMachines/jdk-19.jdk/Contents/Home/lib/libfreetype.dylib
0x00000001ab4d7000 	/System/Library/Frameworks/FileProvider.framework/Versions/A/FileProvider
0x000000019eb94000 	/System/Library/Frameworks/Accounts.framework/Versions/A/Accounts
0x00000001a08e2000 	/System/Library/PrivateFrameworks/UserManagement.framework/Versions/A/UserManagement
0x00000001ab660000 	/System/Library/PrivateFrameworks/GenerationalStorage.framework/Versions/A/GenerationalStorage
0x00000001ab27b000 	/System/Library/PrivateFrameworks/SymptomDiagnosticReporter.framework/Versions/A/SymptomDiagnosticReporter
0x000000019cd16000 	/System/Library/PrivateFrameworks/DesktopServicesPriv.framework/Versions/A/DesktopServicesPriv
0x000000019bbfe000 	/usr/lib/libsandbox.1.dylib
0x00000001a7265000 	/System/Library/PrivateFrameworks/NetAuth.framework/Versions/A/NetAuth
0x00000001a821c000 	/System/Library/PrivateFrameworks/Sharing.framework/Versions/A/Sharing
0x00000001a08a6000 	/System/Library/PrivateFrameworks/login.framework/Versions/A/Frameworks/loginsupport.framework/Versions/A/loginsupport
0x00000001ad47d000 	/System/Library/PrivateFrameworks/Apple80211.framework/Versions/A/Apple80211
0x00000001a3c92000 	/System/Library/PrivateFrameworks/AuthKit.framework/Versions/A/AuthKit
0x00000001a3336000 	/System/Library/Frameworks/CoreWLAN.framework/Versions/A/CoreWLAN
0x00000001ad481000 	/System/Library/PrivateFrameworks/CoreWiFi.framework/Versions/A/CoreWiFi
0x00000001dbd74000 	/System/Library/PrivateFrameworks/WiFiPeerToPeer.framework/Versions/A/WiFiPeerToPeer
0x00000001abdf6000 	/System/Library/PrivateFrameworks/FrontBoardServices.framework/Versions/A/FrontBoardServices
0x00000001abe92000 	/System/Library/PrivateFrameworks/BoardServices.framework/Versions/A/BoardServices
0x00000001ad5dc000 	/System/Library/PrivateFrameworks/BackBoardServices.framework/Versions/A/BackBoardServices
0x00000001a3ded000 	/System/Library/Frameworks/UserNotifications.framework/Versions/A/UserNotifications
0x00000001a773c000 	/System/Library/PrivateFrameworks/CorePhoneNumbers.framework/Versions/A/CorePhoneNumbers
0x00000001a6f62000 	/System/Library/PrivateFrameworks/MultiverseSupport.framework/Versions/A/MultiverseSupport
0x00000001ad865000 	/System/Library/PrivateFrameworks/RemoteServiceDiscovery.framework/Versions/A/RemoteServiceDiscovery
0x00000001ab3a7000 	/System/Library/PrivateFrameworks/DiskManagement.framework/Versions/A/DiskManagement
0x00000001ab2ae000 	/System/Library/PrivateFrameworks/AppleIDAuthSupport.framework/Versions/A/AppleIDAuthSupport
0x0000000201360000 	/System/Library/PrivateFrameworks/AAAFoundation.framework/Versions/A/AAAFoundation
0x00000001a7714000 	/System/Library/PrivateFrameworks/KeychainCircle.framework/Versions/A/KeychainCircle
0x00000001ad879000 	/System/Library/PrivateFrameworks/RemoteXPC.framework/Versions/A/RemoteXPC
0x00000001ab373000 	/System/Library/PrivateFrameworks/MediaKit.framework/Versions/A/MediaKit
0x00000001ab2bb000 	/System/Library/Frameworks/DiscRecording.framework/Versions/A/DiscRecording
0x00000001a4bb6000 	/usr/lib/libCoreStorage.dylib
0x00000001ad8e1000 	/usr/lib/libcsfde.dylib
0x00000001a847b000 	/System/Library/PrivateFrameworks/ProtectedCloudStorage.framework/Versions/A/ProtectedCloudStorage
0x00000001ad8d9000 	/System/Library/PrivateFrameworks/EFILogin.framework/Versions/A/EFILogin
0x00000001ab686000 	/System/Library/PrivateFrameworks/OctagonTrust.framework/Versions/A/OctagonTrust
0x00000001a4bae000 	/usr/lib/libMatch.1.dylib
0x00000001c1916000 	/System/Library/CoreServices/RawCamera.bundle/Contents/MacOS/RawCamera
0x00000001a7653000 	/System/Library/PrivateFrameworks/MobileAsset.framework/Versions/A/MobileAsset
0x00000001bf1cd000 	/System/Library/PrivateFrameworks/SoftwareUpdateCoreSupport.framework/Versions/A/SoftwareUpdateCoreSupport
0x00000001c5270000 	/System/Library/PrivateFrameworks/SoftwareUpdateCoreConnect.framework/Versions/A/SoftwareUpdateCoreConnect
0x00000001adf6f000 	/System/Library/PrivateFrameworks/StreamingZip.framework/Versions/A/StreamingZip
0x00000001bee61000 	/System/Library/PrivateFrameworks/MSUDataAccessor.framework/Versions/A/MSUDataAccessor
0x00000001bb69f000 	/usr/lib/libbootpolicy.dylib
0x00000001cba8f000 	/usr/lib/libpartition2_dynamic.dylib
0x0000000203b44000 	/System/Library/PrivateFrameworks/CMPhoto.framework/Versions/A/CMPhoto
0x00000001a5e47000 	/System/Library/Frameworks/MediaToolbox.framework/Versions/A/MediaToolbox
0x00000001ab4a3000 	/System/Library/PrivateFrameworks/CoreAVCHD.framework/Versions/A/CoreAVCHD
0x00000001aa987000 	/System/Library/Frameworks/MediaAccessibility.framework/Versions/A/MediaAccessibility
0x00000001ab49f000 	/System/Library/PrivateFrameworks/Mangrove.framework/Versions/A/Mangrove
0x00000001ab493000 	/System/Library/PrivateFrameworks/CoreAUC.framework/Versions/A/CoreAUC
0x00000001be835000 	/System/Library/Frameworks/Accelerate.framework/Versions/A/Frameworks/vImage.framework/Versions/A/Libraries/libCGInterfaces.dylib
0x0000000117fc0000 	/usr/lib/libobjc-trampolines.dylib
0x0000000221029000 	/usr/lib/libAccessibilityBaseImplementations.dylib
0x00000001a058f000 	/System/Library/PrivateFrameworks/ViewBridge.framework/Versions/A/ViewBridge
0x00000001fb6b0000 	/System/Library/Extensions/AGXMetal13_3.bundle/Contents/MacOS/AGXMetal13_3
0x00000001b9f2e000 	/System/Library/PrivateFrameworks/GPURawCounter.framework/Versions/A/GPURawCounter
0x00000001b41d9000 	/System/Library/PrivateFrameworks/IOGPU.framework/Versions/A/IOGPU
0x0000000201b87000 	/System/Library/PrivateFrameworks/AccessibilityBundles.framework/Versions/A/AccessibilityBundles
0x00000001b5149000 	/usr/lib/libAccessibility.dylib
0x0000000123dcc000 	/Library/Java/JavaVirtualMachines/jdk-19.jdk/Contents/Home/lib/libosxui.dylib
0x00000001a5320000 	/System/Library/PrivateFrameworks/login.framework/Versions/A/login


VM Arguments:
jvm_args: -javaagent:/Applications/IntelliJ IDEA.app/Contents/lib/idea_rt.jar=61555:/Applications/IntelliJ IDEA.app/Contents/bin -Dfile.encoding=UTF-8 -Dsun.stdout.encoding=UTF-8 -Dsun.stderr.encoding=UTF-8 
java_command: main.Main
java_class_path (initial): /Users/baojiachen/Documents/02-Learning Material/02-Fall2022/Software Construction/Assignments/assignment3/ConwayGameOfLife/out/production/ConwayGameOfLife:/Applications/IntelliJ IDEA.app/Contents/lib/junit.jar:/Users/baojiachen/.m2/repository/org/junit/jupiter/junit-jupiter/5.8.1/junit-jupiter-5.8.1.jar:/Users/baojiachen/.m2/repository/org/junit/jupiter/junit-jupiter-api/5.8.1/junit-jupiter-api-5.8.1.jar:/Users/baojiachen/.m2/repository/org/opentest4j/opentest4j/1.2.0/opentest4j-1.2.0.jar:/Users/baojiachen/.m2/repository/org/junit/platform/junit-platform-commons/1.8.1/junit-platform-commons-1.8.1.jar:/Users/baojiachen/.m2/repository/org/apiguardian/apiguardian-api/1.1.2/apiguardian-api-1.1.2.jar:/Users/baojiachen/.m2/repository/org/junit/jupiter/junit-jupiter-params/5.8.1/junit-jupiter-params-5.8.1.jar:/Users/baojiachen/.m2/repository/org/junit/jupiter/junit-jupiter-engine/5.8.1/junit-jupiter-engine-5.8.1.jar:/Users/baojiachen/.m2/repository/org/junit/platform/junit-platform-engine/1.8.1/junit-platform-engine-1.8.1.jar
Launcher Type: SUN_STANDARD

[Global flags]
     intx CICompilerCount                          = 4                                         {product} {ergonomic}
     uint ConcGCThreads                            = 2                                         {product} {ergonomic}
     uint G1ConcRefinementThreads                  = 8                                         {product} {ergonomic}
   size_t G1HeapRegionSize                         = 2097152                                   {product} {ergonomic}
    uintx GCDrainStackTargetSize                   = 64                                        {product} {ergonomic}
   size_t InitialHeapSize                          = 268435456                                 {product} {ergonomic}
   size_t MarkStackSize                            = 4194304                                   {product} {ergonomic}
   size_t MaxHeapSize                              = 4294967296                                {product} {ergonomic}
   size_t MaxNewSize                               = 2575302656                                {product} {ergonomic}
   size_t MinHeapDeltaBytes                        = 2097152                                   {product} {ergonomic}
   size_t MinHeapSize                              = 8388608                                   {product} {ergonomic}
    uintx NonNMethodCodeHeapSize                   = 5839564                                {pd product} {ergonomic}
    uintx NonProfiledCodeHeapSize                  = 122909338                              {pd product} {ergonomic}
    uintx ProfiledCodeHeapSize                     = 122909338                              {pd product} {ergonomic}
    uintx ReservedCodeCacheSize                    = 251658240                              {pd product} {ergonomic}
     bool SegmentedCodeCache                       = true                                      {product} {ergonomic}
   size_t SoftMaxHeapSize                          = 4294967296                             {manageable} {ergonomic}
     bool UseCompressedClassPointers               = true                           {product lp64_product} {ergonomic}
     bool UseCompressedOops                        = true                           {product lp64_product} {ergonomic}
     bool UseG1GC                                  = true                                      {product} {ergonomic}
     bool UseNUMA                                  = false                                     {product} {ergonomic}
     bool UseNUMAInterleaving                      = false                                     {product} {ergonomic}

Logging:
Log output configuration:
 #0: stdout all=warning uptime,level,tags foldmultilines=false
 #1: stderr all=off uptime,level,tags foldmultilines=false

Environment Variables:
PATH=/Users/baojiachen/Applications/miniconda3/bin:/Users/baojiachen/Applications/miniconda3/condabin:/usr/local/bin:/System/Cryptexes/App/usr/bin:/usr/bin:/bin:/usr/sbin:/sbin:/Library/TeX/texbin:/Library/Apple/usr/bin
SHELL=/bin/zsh
LC_CTYPE=en_CH.UTF-8
TMPDIR=/var/folders/4v/hbbh182573g45r4cd76075rr0000gn/T/

Active Locale:
LC_ALL=C
LC_COLLATE=C
LC_CTYPE=C
LC_MESSAGES=C
LC_MONETARY=C
LC_NUMERIC=C
LC_TIME=C

Signal Handlers:
   SIGSEGV: crash_handler in libjvm.dylib, mask=11100110000111110111111111111111, flags=SA_RESTART|SA_SIGINFO
    SIGBUS: crash_handler in libjvm.dylib, mask=11100110000111110111111111111111, flags=SA_RESTART|SA_SIGINFO
    SIGFPE: crash_handler in libjvm.dylib, mask=11100110000111110111111111111111, flags=SA_RESTART|SA_SIGINFO
   SIGPIPE: javaSignalHandler in libjvm.dylib, mask=11100110000111110111111111111111, flags=SA_RESTART|SA_SIGINFO
   SIGXFSZ: javaSignalHandler in libjvm.dylib, mask=11100110000111110111111111111111, flags=SA_RESTART|SA_SIGINFO
    SIGILL: crash_handler in libjvm.dylib, mask=11100110000111110111111111111111, flags=SA_RESTART|SA_SIGINFO
   SIGUSR2: SR_handler in libjvm.dylib, mask=00100000000000000000000000000000, flags=SA_RESTART|SA_SIGINFO
    SIGHUP: UserHandler in libjvm.dylib, mask=11100110000111110111111111111111, flags=SA_RESTART|SA_SIGINFO
    SIGINT: UserHandler in libjvm.dylib, mask=11100110000111110111111111111111, flags=SA_RESTART|SA_SIGINFO
   SIGTERM: UserHandler in libjvm.dylib, mask=11100110000111110111111111111111, flags=SA_RESTART|SA_SIGINFO
   SIGQUIT: UserHandler in libjvm.dylib, mask=11100110000111110111111111111111, flags=SA_RESTART|SA_SIGINFO
   SIGTRAP: crash_handler in libjvm.dylib, mask=11100110000111110111111111111111, flags=SA_RESTART|SA_SIGINFO


---------------  S Y S T E M  ---------------

OS:
uname: Darwin 22.2.0 Darwin Kernel Version 22.2.0: Fri Nov 11 02:04:44 PST 2022; root:xnu-8792.61.2~4/RELEASE_ARM64_T8103 arm64
OS uptime: 0 days 4:47 hours
rlimit (soft/hard): STACK 8176k/65520k , CORE 0k/infinity , NPROC 2666/4000 , NOFILE 10240/infinity , AS infinity/infinity , CPU infinity/infinity , DATA infinity/infinity , FSIZE infinity/infinity , MEMLOCK infinity/infinity , RSS infinity/infinity
load average: 4.94 4.36 4.45

CPU: total 8 (initial active 8) 0x61:0x0:0x1b588bb3:0, fp, simd, aes, pmull, crc32, lse

Memory: 16k page, physical 16777216k(56144k free), swap 0k(0k free)

vm_info: Java HotSpot(TM) 64-Bit Server VM (19+36-2238) for bsd-aarch64 JRE (19+36-2238), built on 2022-08-12T20:29:01Z by "mach5one" with clang Apple LLVM 12.0.0 (clang-1200.0.32.29)

END.
